Start data processing:
13:43:55
	-> angsd version: 0.940-dirty (htslib: 1.18) build(May 18 2023 16:53:32)
	-> angsd -b bam_list_adults_pop_gen.txt -rf regions_for_relatedness_test.txt -gl 2 -domajorminor 1 -snp_pval 1e-6 -domaf 1 -minmaf 0.05 -doGlf 3 -P 20 -out angsdput_relatedness_32826023 
	-> Inputtype is BAM/CRAM
[multiReader] 10 samples in 10 input files
	-> You have choosen to supply a very high number of threads. The number of threads will be capped at 8
	-> SNP-filter using a pvalue: 1.000000e-06 correspond to 23.928127 likelihood units
	-> Parsing 10 number of samples 
	-> Region lookup 1/1
	-> Printing at chr: NC_031781.1 pos:1024842 chunknumber 100 contains 253 sites
	-> Printing at chr: NC_031781.1 pos:1049998 chunknumber 200 contains 2 sites

	-> Done reading data waiting for calculations to finish
	-> Done waiting for threads
	-> Output filenames:
		->"angsdput_relatedness_32826023.arg"
		->"angsdput_relatedness_32826023.glf.gz"
		->"angsdput_relatedness_32826023.glf.pos.gz"
		->"angsdput_relatedness_32826023.mafs.gz"
	-> Thu Jan 18 13:44:01 2024
	-> Arguments and parameters for all analysis are located in .arg file
	-> Total number of sites analyzed: 50249
	-> Number of sites retained after filtering: 892 
	[ALL done] cpu-time used =  2.29 sec
	[ALL done] walltime used =  5.00 sec
gzip: angsdput_relatedness.mafs.gz: No such file or directory
	-> Problem reading file: 'sample_ids.txt'
Finished data processing:
13:44:01
done
