Start data processing:
10:47:20
	-> angsd version: 0.940-dirty (htslib: 1.18) build(May 18 2023 16:53:32)
	-> angsd -b bam_list_eggs_pop_gen.txt 
	-> No '-out' argument given, output files will be called 'angsdput'
	-> Inputtype is BAM/CRAM
[multiReader] 10 samples in 10 input files
	-> Parsing 10 number of samples 
	-> Printing at chr: NC_031768.1 pos:32222 chunknumber 100 contains 255 sites
	-> Printing at chr: NC_031768.1 pos:68405 chunknumber 200 contains 252 sites
	-> Printing at chr: NC_031768.1 pos:96500 chunknumber 300 contains 255 sites
	-> Printing at chr: NC_031768.1 pos:130156 chunknumber 400 contains 253 sites
	-> Printing at chr: NC_031768.1 pos:164388 chunknumber 500 contains 264 sites
	-> Printing at chr: NC_031768.1 pos:197093 chunknumber 600 contains 251 sites
	-> Printing at chr: NC_031768.1 pos:237381 chunknumber 700 contains 254 sites
	-> Printing at chr: NC_031768.1 pos:267625 chunknumber 800 contains 254 sites
	-> Printing at chr: NC_031768.1 pos:300172 chunknumber 900 contains 253 sites
	-> Printing at chr: NC_031768.1 pos:342736 chunknumber 1000 contains 253 sites
	-> Printing at chr: NC_031768.1 pos:370672 chunknumber 1100 contains 253 sites
	-> Printing at chr: NC_031768.1 pos:397758 chunknumber 1200 contains 252 sites
	-> Printing at chr: NC_031768.1 pos:423840 chunknumber 1300 contains 262 sites
	-> Printing at chr: NC_031768.1 pos:450911 chunknumber 1400 contains 252 sites
	-> Printing at chr: NC_031768.1 pos:476218 chunknumber 1500 contains 210 sites
	-> Printing at chr: NC_031768.1 pos:503234 chunknumber 1600 contains 251 sites
	-> Printing at chr: NC_031768.1 pos:530760 chunknumber 1700 contains 251 sites
	-> Printing at chr: NC_031768.1 pos:556146 chunknumber 1800 contains 251 sites
	-> Printing at chr: NC_031768.1 pos:581481 chunknumber 1900 contains 255 sites
	-> Printing at chr: NC_031768.1 pos:606884 chunknumber 2000 contains 257 sites
	-> Printing at chr: NC_031768.1 pos:636315 chunknumber 2100 contains 251 sites
	-> Printing at chr: NC_031768.1 pos:676607 chunknumber 2200 contains 255 sites
	-> Printing at chr: NC_031768.1 pos:721196 chunknumber 2300 contains 251 sites
	-> Printing at chr: NC_031768.1 pos:749668 chunknumber 2400 contains 253 sites
	-> Printing at chr: NC_031768.1 pos:786261 chunknumber 2500 contains 259 sites
	-> Printing at chr: NC_031768.1 pos:816970 chunknumber 2600 contains 256 sites
	-> Printing at chr: NC_031768.1 pos:856659 chunknumber 2700 contains 251 sites
	-> Printing at chr: NC_031768.1 pos:894896 chunknumber 2800 contains 258 sites
	-> Printing at chr: NC_031768.1 pos:923245 chunknumber 2900 contains 256 sites
	-> Printing at chr: NC_031768.1 pos:951942 chunknumber 3000 contains 251 sites
	-> Printing at chr: NC_031768.1 pos:977787 chunknumber 3100 contains 252 sites
	-> Printing at chr: NC_031768.1 pos:1003636 chunknumber 3200 contains 252 sites
	-> Printing at chr: NC_031768.1 pos:1029042 chunknumber 3300 contains 251 sites
	-> Printing at chr: NC_031768.1 pos:1054430 chunknumber 3400 contains 253 sites
	-> Printing at chr: NC_031768.1 pos:1079832 chunknumber 3500 contains 252 sites
	-> Printing at chr: NC_031768.1 pos:1107332 chunknumber 3600 contains 263 sites
	-> Printing at chr: NC_031768.1 pos:1135999 chunknumber 3700 contains 251 sites
	-> Printing at chr: NC_031768.1 pos:1165635 chunknumber 3800 contains 261 sites
	-> Printing at chr: NC_031768.1 pos:1193186 chunknumber 3900 contains 267 sites
	-> Printing at chr: NC_031768.1 pos:1223988 chunknumber 4000 contains 254 sites
	-> Printing at chr: NC_031768.1 pos:1261494 chunknumber 4100 contains 257 sites
	-> Printing at chr: NC_031768.1 pos:1289060 chunknumber 4200 contains 253 sites
	-> Printing at chr: NC_031768.1 pos:1318013 chunknumber 4300 contains 258 sites
	-> Printing at chr: NC_031768.1 pos:1344709 chunknumber 4400 contains 252 sites
	-> Printing at chr: NC_031768.1 pos:1372022 chunknumber 4500 contains 255 sites
	-> Printing at chr: NC_031768.1 pos:1399064 chunknumber 4600 contains 252 sites
	-> Printing at chr: NC_031768.1 pos:1432601 chunknumber 4700 contains 261 sites
	-> Printing at chr: NC_031768.1 pos:1464629 chunknumber 4800 contains 252 sites
	-> Printing at chr: NC_031768.1 pos:1501260 chunknumber 4900 contains 262 sites
	-> Printing at chr: NC_031768.1 pos:1535020 chunknumber 5000 contains 255 sites
	-> Printing at chr: NC_031768.1 pos:1575469 chunknumber 5100 contains 251 sites
	-> Printing at chr: NC_031768.1 pos:1601774 chunknumber 5200 contains 266 sites
	-> Printing at chr: NC_031768.1 pos:1634425 chunknumber 5300 contains 253 sites
	-> Printing at chr: NC_031768.1 pos:1663620 chunknumber 5400 contains 253 sites
	-> Printing at chr: NC_031768.1 pos:1690216 chunknumber 5500 contains 251 sites
	-> Printing at chr: NC_031768.1 pos:1729911 chunknumber 5600 contains 256 sites
	-> Printing at chr: NC_031768.1 pos:1755353 chunknumber 5700 contains 251 sites
	-> Printing at chr: NC_031768.1 pos:1786388 chunknumber 5800 contains 256 sites
	-> Printing at chr: NC_031768.1 pos:1815799 chunknumber 5900 contains 251 sites
	-> Printing at chr: NC_031768.1 pos:1847466 chunknumber 6000 contains 254 sites
	-> Printing at chr: NC_031768.1 pos:1878220 chunknumber 6100 contains 256 sites
	-> Printing at chr: NC_031768.1 pos:1905225 chunknumber 6200 contains 251 sites
	-> Printing at chr: NC_031768.1 pos:1931626 chunknumber 6300 contains 251 sites
	-> Printing at chr: NC_031768.1 pos:1960299 chunknumber 6400 contains 253 sites
	-> Printing at chr: NC_031768.1 pos:2005908 chunknumber 6500 contains 251 sites
	-> Printing at chr: NC_031768.1 pos:2034382 chunknumber 6600 contains 254 sites
	-> Printing at chr: NC_031768.1 pos:2059714 chunknumber 6700 contains 273 sites
	-> Printing at chr: NC_031768.1 pos:2085860 chunknumber 6800 contains 251 sites
	-> Printing at chr: NC_031768.1 pos:2111210 chunknumber 6900 contains 251 sites
	-> Printing at chr: NC_031768.1 pos:2138587 chunknumber 7000 contains 252 sites
	-> Printing at chr: NC_031768.1 pos:2163941 chunknumber 7100 contains 252 sites
	-> Printing at chr: NC_031768.1 pos:2190119 chunknumber 7200 contains 258 sites
	-> Printing at chr: NC_031768.1 pos:2216288 chunknumber 7300 contains 255 sites
	-> Printing at chr: NC_031768.1 pos:2242111 chunknumber 7400 contains 253 sites
	-> Printing at chr: NC_031768.1 pos:2269936 chunknumber 7500 contains 252 sites
	-> Printing at chr: NC_031768.1 pos:2295582 chunknumber 7600 contains 253 sites
	-> Printing at chr: NC_031768.1 pos:2323363 chunknumber 7700 contains 257 sites
	-> Printing at chr: NC_031768.1 pos:2348947 chunknumber 7800 contains 268 sites
	-> Printing at chr: NC_031768.1 pos:2375828 chunknumber 7900 contains 251 sites
	-> Printing at chr: NC_031768.1 pos:2401366 chunknumber 8000 contains 251 sites
	-> Printing at chr: NC_031768.1 pos:2430252 chunknumber 8100 contains 263 sites
	-> Printing at chr: NC_031768.1 pos:2457080 chunknumber 8200 contains 253 sites
	-> Printing at chr: NC_031768.1 pos:2488293 chunknumber 8300 contains 251 sites
	-> Printing at chr: NC_031768.1 pos:2514721 chunknumber 8400 contains 254 sites
	-> Printing at chr: NC_031768.1 pos:2540031 chunknumber 8500 contains 260 sites
	-> Printing at chr: NC_031768.1 pos:2565437 chunknumber 8600 contains 253 sites
	-> Printing at chr: NC_031768.1 pos:2591938 chunknumber 8700 contains 252 sites
	-> Printing at chr: NC_031768.1 pos:2618204 chunknumber 8800 contains 252 sites
	-> Printing at chr: NC_031768.1 pos:2644164 chunknumber 8900 contains 251 sites
	-> Printing at chr: NC_031768.1 pos:2669560 chunknumber 9000 contains 252 sites
	-> Printing at chr: NC_031768.1 pos:2695941 chunknumber 9100 contains 252 sites
	-> Printing at chr: NC_031768.1 pos:2725016 chunknumber 9200 contains 251 sites
	-> Printing at chr: NC_031768.1 pos:2752172 chunknumber 9300 contains 252 sites
	-> Printing at chr: NC_031768.1 pos:2777602 chunknumber 9400 contains 251 sites
	-> Printing at chr: NC_031768.1 pos:2803269 chunknumber 9500 contains 257 sites
	-> Printing at chr: NC_031768.1 pos:2829409 chunknumber 9600 contains 251 sites
	-> Printing at chr: NC_031768.1 pos:2855075 chunknumber 9700 contains 254 sites
	-> Printing at chr: NC_031768.1 pos:2882092 chunknumber 9800 contains 257 sites
	-> Printing at chr: NC_031768.1 pos:2907573 chunknumber 9900 contains 255 sites
	-> Printing at chr: NC_031768.1 pos:2934384 chunknumber 10000 contains 259 sites
	-> Printing at chr: NC_031768.1 pos:2960676 chunknumber 10100 contains 251 sites
	-> Printing at chr: NC_031768.1 pos:2986087 chunknumber 10200 contains 253 sites
	-> Printing at chr: NC_031768.1 pos:3011562 chunknumber 10300 contains 251 sites
	-> Printing at chr: NC_031768.1 pos:3039436 chunknumber 10400 contains 253 sites
	-> Printing at chr: NC_031768.1 pos:3064991 chunknumber 10500 contains 251 sites
	-> Printing at chr: NC_031768.1 pos:3092060 chunknumber 10600 contains 260 sites
	-> Printing at chr: NC_031768.1 pos:3118442 chunknumber 10700 contains 256 sites
	-> Printing at chr: NC_031768.1 pos:3144643 chunknumber 10800 contains 251 sites
	-> Printing at chr: NC_031768.1 pos:3170020 chunknumber 10900 contains 254 sites
	-> Printing at chr: NC_031768.1 pos:3195834 chunknumber 11000 contains 253 sites
	-> Printing at chr: NC_031768.1 pos:3221770 chunknumber 11100 contains 257 sites
	-> Printing at chr: NC_031768.1 pos:3247326 chunknumber 11200 contains 259 sites
	-> Printing at chr: NC_031768.1 pos:3272704 chunknumber 11300 contains 252 sites
	-> Printing at chr: NC_031768.1 pos:3298348 chunknumber 11400 contains 255 sites
	-> Printing at chr: NC_031768.1 pos:3323682 chunknumber 11500 contains 251 sites
	-> Printing at chr: NC_031768.1 pos:3351476 chunknumber 11600 contains 261 sites
	-> Printing at chr: NC_031768.1 pos:3382890 chunknumber 11700 contains 318 sites
	-> Printing at chr: NC_031768.1 pos:3409192 chunknumber 11800 contains 253 sites
	-> Printing at chr: NC_031768.1 pos:3437421 chunknumber 11900 contains 251 sites
	-> Printing at chr: NC_031768.1 pos:3463384 chunknumber 12000 contains 252 sites
	-> Printing at chr: NC_031768.1 pos:3490120 chunknumber 12100 contains 329 sites
	-> Printing at chr: NC_031768.1 pos:3516899 chunknumber 12200 contains 330 sites
	-> Printing at chr: NC_031768.1 pos:3543846 chunknumber 12300 contains 251 sites
	-> Printing at chr: NC_031768.1 pos:3570257 chunknumber 12400 contains 251 sites
	-> Printing at chr: NC_031768.1 pos:3595585 chunknumber 12500 contains 251 sites
	-> Printing at chr: NC_031768.1 pos:3620954 chunknumber 12600 contains 260 sites
	-> Printing at chr: NC_031768.1 pos:3646392 chunknumber 12700 contains 251 sites
	-> Printing at chr: NC_031768.1 pos:3672353 chunknumber 12800 contains 251 sites
	-> Printing at chr: NC_031768.1 pos:3698153 chunknumber 12900 contains 257 sites
	-> Printing at chr: NC_031768.1 pos:3725299 chunknumber 13000 contains 253 sites
	-> Printing at chr: NC_031768.1 pos:3750624 chunknumber 13100 contains 251 sites
	-> Printing at chr: NC_031768.1 pos:3776331 chunknumber 13200 contains 261 sites
	-> Printing at chr: NC_031768.1 pos:3802032 chunknumber 13300 contains 251 sites
	-> Printing at chr: NC_031768.1 pos:3827590 chunknumber 13400 contains 256 sites
	-> Printing at chr: NC_031768.1 pos:3852967 chunknumber 13500 contains 262 sites
	-> Printing at chr: NC_031768.1 pos:3878823 chunknumber 13600 contains 251 sites
	-> Printing at chr: NC_031768.1 pos:3904407 chunknumber 13700 contains 253 sites
	-> Printing at chr: NC_031768.1 pos:3929870 chunknumber 13800 contains 252 sites
	-> Printing at chr: NC_031768.1 pos:3956139 chunknumber 13900 contains 253 sites
	-> Printing at chr: NC_031768.1 pos:3982105 chunknumber 14000 contains 258 sites
	-> Printing at chr: NC_031768.1 pos:4007539 chunknumber 14100 contains 252 sites
	-> Printing at chr: NC_031768.1 pos:4032973 chunknumber 14200 contains 254 sites
	-> Printing at chr: NC_031768.1 pos:4059011 chunknumber 14300 contains 251 sites
	-> Printing at chr: NC_031768.1 pos:4085632 chunknumber 14400 contains 251 sites
	-> Printing at chr: NC_031768.1 pos:4111017 chunknumber 14500 contains 263 sites
	-> Printing at chr: NC_031768.1 pos:4136598 chunknumber 14600 contains 253 sites
	-> Printing at chr: NC_031768.1 pos:4162014 chunknumber 14700 contains 258 sites
	-> Printing at chr: NC_031768.1 pos:4187585 chunknumber 14800 contains 259 sites
	-> Printing at chr: NC_031768.1 pos:4212962 chunknumber 14900 contains 251 sites
	-> Printing at chr: NC_031768.1 pos:4239497 chunknumber 15000 contains 252 sites
	-> Printing at chr: NC_031768.1 pos:4264951 chunknumber 15100 contains 253 sites
	-> Printing at chr: NC_031768.1 pos:4291199 chunknumber 15200 contains 251 sites
	-> Printing at chr: NC_031768.1 pos:4317369 chunknumber 15300 contains 251 sites
	-> Printing at chr: NC_031768.1 pos:4343159 chunknumber 15400 contains 254 sites
	-> Printing at chr: NC_031768.1 pos:4368548 chunknumber 15500 contains 254 sites
	-> Printing at chr: NC_031768.1 pos:4394152 chunknumber 15600 contains 253 sites
	-> Printing at chr: NC_031768.1 pos:4419541 chunknumber 15700 contains 261 sites
	-> Printing at chr: NC_031768.1 pos:4445082 chunknumber 15800 contains 254 sites
	-> Printing at chr: NC_031768.1 pos:4470559 chunknumber 15900 contains 251 sites
	-> Printing at chr: NC_031768.1 pos:4501159 chunknumber 16000 contains 252 sites
	-> Printing at chr: NC_031768.1 pos:4527668 chunknumber 16100 contains 251 sites
	-> Printing at chr: NC_031768.1 pos:4553223 chunknumber 16200 contains 256 sites
	-> Printing at chr: NC_031768.1 pos:4578590 chunknumber 16300 contains 251 sites
	-> Printing at chr: NC_031768.1 pos:4604470 chunknumber 16400 contains 253 sites
	-> Printing at chr: NC_031768.1 pos:4631337 chunknumber 16500 contains 253 sites
	-> Printing at chr: NC_031768.1 pos:4657923 chunknumber 16600 contains 251 sites
	-> Printing at chr: NC_031768.1 pos:4684024 chunknumber 16700 contains 262 sites
	-> Printing at chr: NC_031768.1 pos:4709370 chunknumber 16800 contains 254 sites
	-> Printing at chr: NC_031768.1 pos:4735418 chunknumber 16900 contains 252 sites
	-> Printing at chr: NC_031768.1 pos:4766644 chunknumber 17000 contains 253 sites
	-> Printing at chr: NC_031768.1 pos:4796147 chunknumber 17100 contains 257 sites
	-> Printing at chr: NC_031768.1 pos:4821793 chunknumber 17200 contains 253 sites
	-> Printing at chr: NC_031768.1 pos:4847303 chunknumber 17300 contains 258 sites
	-> Printing at chr: NC_031768.1 pos:4873141 chunknumber 17400 contains 251 sites
	-> Printing at chr: NC_031768.1 pos:4898783 chunknumber 17500 contains 253 sites
	-> Printing at chr: NC_031768.1 pos:4924289 chunknumber 17600 contains 251 sites
	-> Printing at chr: NC_031768.1 pos:4949691 chunknumber 17700 contains 299 sites
	-> Printing at chr: NC_031768.1 pos:4975156 chunknumber 17800 contains 259 sites
	-> Printing at chr: NC_031768.1 pos:5000470 chunknumber 17900 contains 252 sites
	-> Printing at chr: NC_031768.1 pos:5025755 chunknumber 18000 contains 255 sites
	-> Printing at chr: NC_031768.1 pos:5051051 chunknumber 18100 contains 252 sites
	-> Printing at chr: NC_031768.1 pos:5076412 chunknumber 18200 contains 253 sites
	-> Printing at chr: NC_031768.1 pos:5102245 chunknumber 18300 contains 251 sites
	-> Printing at chr: NC_031768.1 pos:5127618 chunknumber 18400 contains 261 sites
	-> Printing at chr: NC_031768.1 pos:5152977 chunknumber 18500 contains 255 sites
	-> Printing at chr: NC_031768.1 pos:5179042 chunknumber 18600 contains 254 sites
	-> Printing at chr: NC_031768.1 pos:5204670 chunknumber 18700 contains 251 sites
	-> Printing at chr: NC_031768.1 pos:5230031 chunknumber 18800 contains 252 sites
	-> Printing at chr: NC_031768.1 pos:5255411 chunknumber 18900 contains 252 sites
	-> Printing at chr: NC_031768.1 pos:5281276 chunknumber 19000 contains 253 sites
	-> Printing at chr: NC_031768.1 pos:5306607 chunknumber 19100 contains 256 sites
	-> Printing at chr: NC_031768.1 pos:5331932 chunknumber 19200 contains 252 sites
	-> Printing at chr: NC_031768.1 pos:5357276 chunknumber 19300 contains 251 sites
	-> Printing at chr: NC_031768.1 pos:5382585 chunknumber 19400 contains 264 sites
	-> Printing at chr: NC_031768.1 pos:5408951 chunknumber 19500 contains 266 sites
	-> Printing at chr: NC_031768.1 pos:5434636 chunknumber 19600 contains 253 sites
	-> Printing at chr: NC_031768.1 pos:5459928 chunknumber 19700 contains 254 sites
	-> Printing at chr: NC_031768.1 pos:5485282 chunknumber 19800 contains 252 sites
	-> Printing at chr: NC_031768.1 pos:5511582 chunknumber 19900 contains 253 sites
	-> Printing at chr: NC_031768.1 pos:5536913 chunknumber 20000 contains 251 sites
	-> Printing at chr: NC_031768.1 pos:5562251 chunknumber 20100 contains 252 sites
	-> Printing at chr: NC_031768.1 pos:5587605 chunknumber 20200 contains 255 sites
	-> Printing at chr: NC_031768.1 pos:5612909 chunknumber 20300 contains 255 sites
	-> Printing at chr: NC_031768.1 pos:5638278 chunknumber 20400 contains 251 sites
	-> Printing at chr: NC_031768.1 pos:5663615 chunknumber 20500 contains 253 sites
	-> Printing at chr: NC_031768.1 pos:5688999 chunknumber 20600 contains 254 sites
	-> Printing at chr: NC_031768.1 pos:5714395 chunknumber 20700 contains 251 sites
	-> Printing at chr: NC_031768.1 pos:5739736 chunknumber 20800 contains 255 sites
	-> Printing at chr: NC_031768.1 pos:5765408 chunknumber 20900 contains 251 sites
	-> Printing at chr: NC_031768.1 pos:5790753 chunknumber 21000 contains 254 sites
	-> Printing at chr: NC_031768.1 pos:5816090 chunknumber 21100 contains 252 sites
	-> Printing at chr: NC_031768.1 pos:5841429 chunknumber 21200 contains 252 sites
	-> Printing at chr: NC_031768.1 pos:5867048 chunknumber 21300 contains 255 sites
	-> Printing at chr: NC_031768.1 pos:5892808 chunknumber 21400 contains 254 sites
	-> Printing at chr: NC_031768.1 pos:5918775 chunknumber 21500 contains 256 sites
	-> Printing at chr: NC_031768.1 pos:5944457 chunknumber 21600 contains 254 sites
	-> Printing at chr: NC_031768.1 pos:5969818 chunknumber 21700 contains 251 sites
	-> Printing at chr: NC_031768.1 pos:5995163 chunknumber 21800 contains 256 sites
	-> Printing at chr: NC_031768.1 pos:6020501 chunknumber 21900 contains 251 sites
	-> Printing at chr: NC_031768.1 pos:6045889 chunknumber 22000 contains 253 sites
	-> Printing at chr: NC_031768.1 pos:6071713 chunknumber 22100 contains 251 sites
	-> Printing at chr: NC_031768.1 pos:6097117 chunknumber 22200 contains 251 sites
	-> Printing at chr: NC_031768.1 pos:6122450 chunknumber 22300 contains 254 sites
	-> Printing at chr: NC_031768.1 pos:6147810 chunknumber 22400 contains 259 sites
	-> Printing at chr: NC_031768.1 pos:6173146 chunknumber 22500 contains 256 sites
	-> Printing at chr: NC_031768.1 pos:6198527 chunknumber 22600 contains 251 sites
	-> Printing at chr: NC_031768.1 pos:6223809 chunknumber 22700 contains 251 sites
	-> Printing at chr: NC_031768.1 pos:6249125 chunknumber 22800 contains 253 sites
	-> Printing at chr: NC_031768.1 pos:6274481 chunknumber 22900 contains 251 sites
	-> Printing at chr: NC_031768.1 pos:6299842 chunknumber 23000 contains 262 sites
	-> Printing at chr: NC_031768.1 pos:6325415 chunknumber 23100 contains 253 sites
	-> Printing at chr: NC_031768.1 pos:6350842 chunknumber 23200 contains 251 sites
	-> Printing at chr: NC_031768.1 pos:6376256 chunknumber 23300 contains 256 sites
	-> Printing at chr: NC_031768.1 pos:6401820 chunknumber 23400 contains 251 sites
	-> Printing at chr: NC_031768.1 pos:6427195 chunknumber 23500 contains 254 sites
	-> Printing at chr: NC_031768.1 pos:6452592 chunknumber 23600 contains 256 sites
	-> Printing at chr: NC_031768.1 pos:6477985 chunknumber 23700 contains 252 sites
	-> Printing at chr: NC_031768.1 pos:6503343 chunknumber 23800 contains 276 sites
	-> Printing at chr: NC_031768.1 pos:6528759 chunknumber 23900 contains 251 sites
	-> Printing at chr: NC_031768.1 pos:6554080 chunknumber 24000 contains 252 sites
	-> Printing at chr: NC_031768.1 pos:6579416 chunknumber 24100 contains 251 sites
	-> Printing at chr: NC_031768.1 pos:6605884 chunknumber 24200 contains 251 sites
	-> Printing at chr: NC_031768.1 pos:6631217 chunknumber 24300 contains 257 sites
	-> Printing at chr: NC_031768.1 pos:6656585 chunknumber 24400 contains 251 sites
	-> Printing at chr: NC_031768.1 pos:6682194 chunknumber 24500 contains 256 sites
	-> Printing at chr: NC_031768.1 pos:6707464 chunknumber 24600 contains 254 sites
	-> Printing at chr: NC_031768.1 pos:6732802 chunknumber 24700 contains 253 sites
	-> Printing at chr: NC_031768.1 pos:6758254 chunknumber 24800 contains 253 sites
	-> Printing at chr: NC_031768.1 pos:6783644 chunknumber 24900 contains 251 sites
	-> Printing at chr: NC_031768.1 pos:6809951 chunknumber 25000 contains 252 sites
	-> Printing at chr: NC_031768.1 pos:6835276 chunknumber 25100 contains 255 sites
	-> Printing at chr: NC_031768.1 pos:6860641 chunknumber 25200 contains 251 sites
	-> Printing at chr: NC_031768.1 pos:6886523 chunknumber 25300 contains 254 sites
	-> Printing at chr: NC_031768.1 pos:6912218 chunknumber 25400 contains 252 sites
	-> Printing at chr: NC_031768.1 pos:6937614 chunknumber 25500 contains 253 sites
	-> Printing at chr: NC_031768.1 pos:6963266 chunknumber 25600 contains 251 sites
	-> Printing at chr: NC_031768.1 pos:6988694 chunknumber 25700 contains 260 sites
	-> Printing at chr: NC_031768.1 pos:7014052 chunknumber 25800 contains 251 sites
	-> Printing at chr: NC_031768.1 pos:7040426 chunknumber 25900 contains 255 sites
	-> Printing at chr: NC_031768.1 pos:7065782 chunknumber 26000 contains 261 sites
	-> Printing at chr: NC_031768.1 pos:7091123 chunknumber 26100 contains 257 sites
	-> Printing at chr: NC_031768.1 pos:7116496 chunknumber 26200 contains 254 sites
	-> Printing at chr: NC_031768.1 pos:7141852 chunknumber 26300 contains 252 sites
	-> Printing at chr: NC_031768.1 pos:7167207 chunknumber 26400 contains 252 sites
	-> Printing at chr: NC_031768.1 pos:7192514 chunknumber 26500 contains 253 sites
	-> Printing at chr: NC_031768.1 pos:7217869 chunknumber 26600 contains 254 sites
	-> Printing at chr: NC_031768.1 pos:7243587 chunknumber 26700 contains 252 sites
	-> Printing at chr: NC_031768.1 pos:7268912 chunknumber 26800 contains 255 sites
	-> Printing at chr: NC_031768.1 pos:7294219 chunknumber 26900 contains 256 sites
	-> Printing at chr: NC_031768.1 pos:7319972 chunknumber 27000 contains 256 sites
	-> Printing at chr: NC_031768.1 pos:7345341 chunknumber 27100 contains 253 sites
	-> Printing at chr: NC_031768.1 pos:7370720 chunknumber 27200 contains 263 sites
	-> Printing at chr: NC_031768.1 pos:7396110 chunknumber 27300 contains 254 sites
	-> Printing at chr: NC_031768.1 pos:7421835 chunknumber 27400 contains 255 sites
	-> Printing at chr: NC_031768.1 pos:7447207 chunknumber 27500 contains 252 sites
	-> Printing at chr: NC_031768.1 pos:7472622 chunknumber 27600 contains 258 sites
	-> Printing at chr: NC_031768.1 pos:7498032 chunknumber 27700 contains 251 sites
	-> Printing at chr: NC_031768.1 pos:7523406 chunknumber 27800 contains 252 sites
	-> Printing at chr: NC_031768.1 pos:7548725 chunknumber 27900 contains 253 sites
	-> Printing at chr: NC_031768.1 pos:7574130 chunknumber 28000 contains 252 sites
	-> Printing at chr: NC_031768.1 pos:7599770 chunknumber 28100 contains 254 sites
	-> Printing at chr: NC_031768.1 pos:7625443 chunknumber 28200 contains 251 sites
	-> Printing at chr: NC_031768.1 pos:7651019 chunknumber 28300 contains 254 sites
	-> Printing at chr: NC_031768.1 pos:7676783 chunknumber 28400 contains 253 sites
	-> Printing at chr: NC_031768.1 pos:7703491 chunknumber 28500 contains 252 sites
	-> Printing at chr: NC_031768.1 pos:7728829 chunknumber 28600 contains 252 sites
	-> Printing at chr: NC_031768.1 pos:7754665 chunknumber 28700 contains 252 sites
	-> Printing at chr: NC_031768.1 pos:7780000 chunknumber 28800 contains 256 sites
	-> Printing at chr: NC_031768.1 pos:7806113 chunknumber 28900 contains 251 sites
	-> Printing at chr: NC_031768.1 pos:7831465 chunknumber 29000 contains 252 sites
	-> Printing at chr: NC_031768.1 pos:7856851 chunknumber 29100 contains 252 sites
	-> Printing at chr: NC_031768.1 pos:7882472 chunknumber 29200 contains 258 sites
	-> Printing at chr: NC_031768.1 pos:7907810 chunknumber 29300 contains 254 sites
	-> Printing at chr: NC_031768.1 pos:7933307 chunknumber 29400 contains 251 sites
	-> Printing at chr: NC_031768.1 pos:7960691 chunknumber 29500 contains 251 sites
	-> Printing at chr: NC_031768.1 pos:7986030 chunknumber 29600 contains 251 sites
	-> Printing at chr: NC_031768.1 pos:8011398 chunknumber 29700 contains 256 sites
	-> Printing at chr: NC_031768.1 pos:8036733 chunknumber 29800 contains 257 sites
	-> Printing at chr: NC_031768.1 pos:8062113 chunknumber 29900 contains 252 sites
	-> Printing at chr: NC_031768.1 pos:8087457 chunknumber 30000 contains 253 sites
	-> Printing at chr: NC_031768.1 pos:8114645 chunknumber 30100 contains 252 sites
	-> Printing at chr: NC_031768.1 pos:8140141 chunknumber 30200 contains 255 sites
	-> Printing at chr: NC_031768.1 pos:8165506 chunknumber 30300 contains 258 sites
	-> Printing at chr: NC_031768.1 pos:8190843 chunknumber 30400 contains 254 sites
	-> Printing at chr: NC_031768.1 pos:8216959 chunknumber 30500 contains 255 sites
	-> Printing at chr: NC_031768.1 pos:8242282 chunknumber 30600 contains 254 sites
	-> Printing at chr: NC_031768.1 pos:8267633 chunknumber 30700 contains 252 sites
	-> Printing at chr: NC_031768.1 pos:8293232 chunknumber 30800 contains 252 sites
	-> Printing at chr: NC_031768.1 pos:8318621 chunknumber 30900 contains 263 sites
	-> Printing at chr: NC_031768.1 pos:8344014 chunknumber 31000 contains 252 sites
	-> Printing at chr: NC_031768.1 pos:8369357 chunknumber 31100 contains 252 sites
	-> Printing at chr: NC_031768.1 pos:8394679 chunknumber 31200 contains 251 sites
	-> Printing at chr: NC_031768.1 pos:8420074 chunknumber 31300 contains 252 sites
	-> Printing at chr: NC_031768.1 pos:8445403 chunknumber 31400 contains 251 sites
	-> Printing at chr: NC_031768.1 pos:8470787 chunknumber 31500 contains 251 sites
	-> Printing at chr: NC_031768.1 pos:8496198 chunknumber 31600 contains 251 sites
	-> Printing at chr: NC_031768.1 pos:8521498 chunknumber 31700 contains 251 sites
	-> Printing at chr: NC_031768.1 pos:8546872 chunknumber 31800 contains 255 sites
	-> Printing at chr: NC_031768.1 pos:8572256 chunknumber 31900 contains 252 sites
	-> Printing at chr: NC_031768.1 pos:8598351 chunknumber 32000 contains 252 sites
	-> Printing at chr: NC_031768.1 pos:8623699 chunknumber 32100 contains 253 sites
	-> Printing at chr: NC_031768.1 pos:8649052 chunknumber 32200 contains 253 sites
	-> Printing at chr: NC_031768.1 pos:8674393 chunknumber 32300 contains 252 sites
	-> Printing at chr: NC_031768.1 pos:8699924 chunknumber 32400 contains 256 sites
	-> Printing at chr: NC_031768.1 pos:8725353 chunknumber 32500 contains 251 sites
	-> Printing at chr: NC_031768.1 pos:8750725 chunknumber 32600 contains 255 sites
	-> Printing at chr: NC_031768.1 pos:8776089 chunknumber 32700 contains 254 sites
	-> Printing at chr: NC_031768.1 pos:8801463 chunknumber 32800 contains 255 sites
	-> Printing at chr: NC_031768.1 pos:8826873 chunknumber 32900 contains 253 sites
	-> Printing at chr: NC_031768.1 pos:8852248 chunknumber 33000 contains 251 sites
	-> Printing at chr: NC_031768.1 pos:8877645 chunknumber 33100 contains 253 sites
	-> Printing at chr: NC_031768.1 pos:8903088 chunknumber 33200 contains 256 sites
	-> Printing at chr: NC_031768.1 pos:8928540 chunknumber 33300 contains 251 sites
	-> Printing at chr: NC_031768.1 pos:8953910 chunknumber 33400 contains 256 sites
	-> Printing at chr: NC_031768.1 pos:8979290 chunknumber 33500 contains 253 sites
	-> Printing at chr: NC_031768.1 pos:9004764 chunknumber 33600 contains 257 sites
	-> Printing at chr: NC_031768.1 pos:9030243 chunknumber 33700 contains 252 sites
	-> Printing at chr: NC_031768.1 pos:9055660 chunknumber 33800 contains 257 sites
	-> Printing at chr: NC_031768.1 pos:9081036 chunknumber 33900 contains 255 sites
	-> Printing at chr: NC_031768.1 pos:9106326 chunknumber 34000 contains 252 sites
	-> Printing at chr: NC_031768.1 pos:9131671 chunknumber 34100 contains 256 sites
	-> Printing at chr: NC_031768.1 pos:9157345 chunknumber 34200 contains 255 sites
	-> Printing at chr: NC_031768.1 pos:9183275 chunknumber 34300 contains 251 sites
	-> Printing at chr: NC_031768.1 pos:9208629 chunknumber 34400 contains 253 sites
	-> Printing at chr: NC_031768.1 pos:9234019 chunknumber 34500 contains 251 sites
	-> Printing at chr: NC_031768.1 pos:9259690 chunknumber 34600 contains 251 sites
	-> Printing at chr: NC_031768.1 pos:9285102 chunknumber 34700 contains 254 sites
	-> Printing at chr: NC_031768.1 pos:9310577 chunknumber 34800 contains 251 sites
	-> Printing at chr: NC_031768.1 pos:9335938 chunknumber 34900 contains 258 sites
	-> Printing at chr: NC_031768.1 pos:9361576 chunknumber 35000 contains 260 sites
	-> Printing at chr: NC_031768.1 pos:9386914 chunknumber 35100 contains 251 sites
	-> Printing at chr: NC_031768.1 pos:9412311 chunknumber 35200 contains 254 sites
	-> Printing at chr: NC_031768.1 pos:9438456 chunknumber 35300 contains 251 sites
	-> Printing at chr: NC_031768.1 pos:9463829 chunknumber 35400 contains 252 sites
	-> Printing at chr: NC_031768.1 pos:9489287 chunknumber 35500 contains 257 sites
	-> Printing at chr: NC_031768.1 pos:9514693 chunknumber 35600 contains 254 sites
	-> Printing at chr: NC_031768.1 pos:9540452 chunknumber 35700 contains 258 sites
	-> Printing at chr: NC_031768.1 pos:9565816 chunknumber 35800 contains 252 sites
	-> Printing at chr: NC_031768.1 pos:9591165 chunknumber 35900 contains 254 sites
	-> Printing at chr: NC_031768.1 pos:9616547 chunknumber 36000 contains 258 sites
	-> Printing at chr: NC_031768.1 pos:9641940 chunknumber 36100 contains 257 sites
	-> Printing at chr: NC_031768.1 pos:9667313 chunknumber 36200 contains 251 sites
	-> Printing at chr: NC_031768.1 pos:9692770 chunknumber 36300 contains 251 sites
	-> Printing at chr: NC_031768.1 pos:9718144 chunknumber 36400 contains 260 sites
	-> Printing at chr: NC_031768.1 pos:9743982 chunknumber 36500 contains 252 sites
	-> Printing at chr: NC_031768.1 pos:9769370 chunknumber 36600 contains 252 sites
	-> Printing at chr: NC_031768.1 pos:9794800 chunknumber 36700 contains 252 sites
	-> Printing at chr: NC_031768.1 pos:9820432 chunknumber 36800 contains 259 sites
	-> Printing at chr: NC_031768.1 pos:9845999 chunknumber 36900 contains 257 sites
	-> Printing at chr: NC_031768.1 pos:9871456 chunknumber 37000 contains 253 sites
	-> Printing at chr: NC_031768.1 pos:9896848 chunknumber 37100 contains 252 sites
	-> Printing at chr: NC_031768.1 pos:9922197 chunknumber 37200 contains 256 sites
	-> Printing at chr: NC_031768.1 pos:9947599 chunknumber 37300 contains 256 sites
	-> Printing at chr: NC_031768.1 pos:9973008 chunknumber 37400 contains 255 sites
	-> Printing at chr: NC_031768.1 pos:9998501 chunknumber 37500 contains 258 sites
	-> Printing at chr: NC_031768.1 pos:10023850 chunknumber 37600 contains 251 sites
	-> Printing at chr: NC_031768.1 pos:10049244 chunknumber 37700 contains 252 sites
	-> Printing at chr: NC_031768.1 pos:10074667 chunknumber 37800 contains 251 sites
	-> Printing at chr: NC_031768.1 pos:10100105 chunknumber 37900 contains 265 sites
	-> Printing at chr: NC_031768.1 pos:10125485 chunknumber 38000 contains 253 sites
	-> Printing at chr: NC_031768.1 pos:10151685 chunknumber 38100 contains 252 sites
	-> Printing at chr: NC_031768.1 pos:10177275 chunknumber 38200 contains 252 sites
	-> Printing at chr: NC_031768.1 pos:10202713 chunknumber 38300 contains 252 sites
	-> Printing at chr: NC_031768.1 pos:10228065 chunknumber 38400 contains 256 sites
	-> Printing at chr: NC_031768.1 pos:10253425 chunknumber 38500 contains 257 sites
	-> Printing at chr: NC_031768.1 pos:10278757 chunknumber 38600 contains 257 sites
	-> Printing at chr: NC_031768.1 pos:10304127 chunknumber 38700 contains 257 sites
	-> Printing at chr: NC_031768.1 pos:10329733 chunknumber 38800 contains 251 sites
	-> Printing at chr: NC_031768.1 pos:10355073 chunknumber 38900 contains 256 sites
	-> Printing at chr: NC_031768.1 pos:10380569 chunknumber 39000 contains 254 sites
	-> Printing at chr: NC_031768.1 pos:10405965 chunknumber 39100 contains 252 sites
	-> Printing at chr: NC_031768.1 pos:10431345 chunknumber 39200 contains 256 sites
	-> Printing at chr: NC_031768.1 pos:10456755 chunknumber 39300 contains 251 sites
	-> Printing at chr: NC_031768.1 pos:10482161 chunknumber 39400 contains 251 sites
	-> Printing at chr: NC_031768.1 pos:10507496 chunknumber 39500 contains 255 sites
	-> Printing at chr: NC_031768.1 pos:10532870 chunknumber 39600 contains 251 sites
	-> Printing at chr: NC_031768.1 pos:10558292 chunknumber 39700 contains 253 sites
	-> Printing at chr: NC_031768.1 pos:10583643 chunknumber 39800 contains 251 sites
	-> Printing at chr: NC_031768.1 pos:10608998 chunknumber 39900 contains 256 sites
	-> Printing at chr: NC_031768.1 pos:10634350 chunknumber 40000 contains 257 sites
	-> Printing at chr: NC_031768.1 pos:10659743 chunknumber 40100 contains 252 sites
	-> Printing at chr: NC_031768.1 pos:10685125 chunknumber 40200 contains 258 sites
	-> Printing at chr: NC_031768.1 pos:10710478 chunknumber 40300 contains 260 sites
	-> Printing at chr: NC_031768.1 pos:10735825 chunknumber 40400 contains 256 sites
	-> Printing at chr: NC_031768.1 pos:10761212 chunknumber 40500 contains 259 sites
	-> Printing at chr: NC_031768.1 pos:10786726 chunknumber 40600 contains 252 sites
	-> Printing at chr: NC_031768.1 pos:10812258 chunknumber 40700 contains 254 sites
	-> Printing at chr: NC_031768.1 pos:10837651 chunknumber 40800 contains 256 sites
	-> Printing at chr: NC_031768.1 pos:10863045 chunknumber 40900 contains 251 sites
	-> Printing at chr: NC_031768.1 pos:10888456 chunknumber 41000 contains 255 sites
	-> Printing at chr: NC_031768.1 pos:10913903 chunknumber 41100 contains 252 sites
	-> Printing at chr: NC_031768.1 pos:10939278 chunknumber 41200 contains 258 sites
	-> Printing at chr: NC_031768.1 pos:10965213 chunknumber 41300 contains 254 sites
	-> Printing at chr: NC_031768.1 pos:10990583 chunknumber 41400 contains 252 sites
	-> Printing at chr: NC_031768.1 pos:11016025 chunknumber 41500 contains 255 sites
	-> Printing at chr: NC_031768.1 pos:11041408 chunknumber 41600 contains 251 sites
	-> Printing at chr: NC_031768.1 pos:11066821 chunknumber 41700 contains 253 sites
	-> Printing at chr: NC_031768.1 pos:11092340 chunknumber 41800 contains 253 sites
	-> Printing at chr: NC_031768.1 pos:11117688 chunknumber 41900 contains 252 sites
	-> Printing at chr: NC_031768.1 pos:11143536 chunknumber 42000 contains 251 sites
	-> Printing at chr: NC_031768.1 pos:11168874 chunknumber 42100 contains 251 sites
	-> Printing at chr: NC_031768.1 pos:11194283 chunknumber 42200 contains 256 sites
	-> Printing at chr: NC_031768.1 pos:11219644 chunknumber 42300 contains 261 sites
	-> Printing at chr: NC_031768.1 pos:11244940 chunknumber 42400 contains 281 sites
	-> Printing at chr: NC_031768.1 pos:11270392 chunknumber 42500 contains 278 sites
	-> Printing at chr: NC_031768.1 pos:11296587 chunknumber 42600 contains 252 sites
	-> Printing at chr: NC_031768.1 pos:11322348 chunknumber 42700 contains 251 sites
	-> Printing at chr: NC_031768.1 pos:11347721 chunknumber 42800 contains 251 sites
	-> Printing at chr: NC_031768.1 pos:11373097 chunknumber 42900 contains 251 sites
	-> Printing at chr: NC_031768.1 pos:11404609 chunknumber 43000 contains 251 sites
	-> Printing at chr: NC_031768.1 pos:11430002 chunknumber 43100 contains 251 sites
	-> Printing at chr: NC_031768.1 pos:11455410 chunknumber 43200 contains 252 sites
	-> Printing at chr: NC_031768.1 pos:11481641 chunknumber 43300 contains 251 sites
	-> Printing at chr: NC_031768.1 pos:11507063 chunknumber 43400 contains 256 sites
	-> Printing at chr: NC_031768.1 pos:11532451 chunknumber 43500 contains 260 sites
	-> Printing at chr: NC_031768.1 pos:11557803 chunknumber 43600 contains 251 sites
	-> Printing at chr: NC_031768.1 pos:11583247 chunknumber 43700 contains 253 sites
	-> Printing at chr: NC_031768.1 pos:11608606 chunknumber 43800 contains 252 sites
	-> Printing at chr: NC_031768.1 pos:11634393 chunknumber 43900 contains 252 sites
	-> Printing at chr: NC_031768.1 pos:11661017 chunknumber 44000 contains 251 sites
	-> Printing at chr: NC_031768.1 pos:11686878 chunknumber 44100 contains 252 sites
	-> Printing at chr: NC_031768.1 pos:11712906 chunknumber 44200 contains 254 sites
	-> Printing at chr: NC_031768.1 pos:11738723 chunknumber 44300 contains 251 sites
	-> Printing at chr: NC_031768.1 pos:11764100 chunknumber 44400 contains 257 sites
	-> Printing at chr: NC_031768.1 pos:11789909 chunknumber 44500 contains 251 sites
	-> Printing at chr: NC_031768.1 pos:11815357 chunknumber 44600 contains 253 sites
	-> Printing at chr: NC_031768.1 pos:11840815 chunknumber 44700 contains 251 sites
	-> Printing at chr: NC_031768.1 pos:11867481 chunknumber 44800 contains 252 sites
	-> Printing at chr: NC_031768.1 pos:11892903 chunknumber 44900 contains 255 sites
	-> Printing at chr: NC_031768.1 pos:11918391 chunknumber 45000 contains 252 sites
	-> Printing at chr: NC_031768.1 pos:11943792 chunknumber 45100 contains 251 sites
	-> Printing at chr: NC_031768.1 pos:11969159 chunknumber 45200 contains 258 sites
	-> Printing at chr: NC_031768.1 pos:11994833 chunknumber 45300 contains 251 sites
	-> Printing at chr: NC_031768.1 pos:12020160 chunknumber 45400 contains 251 sites
	-> Printing at chr: NC_031768.1 pos:12045785 chunknumber 45500 contains 251 sites
	-> Printing at chr: NC_031768.1 pos:12073686 chunknumber 45600 contains 260 sites
	-> Printing at chr: NC_031768.1 pos:12099542 chunknumber 45700 contains 254 sites
	-> Printing at chr: NC_031768.1 pos:12125222 chunknumber 45800 contains 251 sites
	-> Printing at chr: NC_031768.1 pos:12150625 chunknumber 45900 contains 254 sites
	-> Printing at chr: NC_031768.1 pos:12176130 chunknumber 46000 contains 260 sites
	-> Printing at chr: NC_031768.1 pos:12201560 chunknumber 46100 contains 252 sites
	-> Printing at chr: NC_031768.1 pos:12227069 chunknumber 46200 contains 251 sites
	-> Printing at chr: NC_031768.1 pos:12252594 chunknumber 46300 contains 251 sites
	-> Printing at chr: NC_031768.1 pos:12278116 chunknumber 46400 contains 256 sites
	-> Printing at chr: NC_031768.1 pos:12304949 chunknumber 46500 contains 253 sites
	-> Printing at chr: NC_031768.1 pos:12330685 chunknumber 46600 contains 255 sites
	-> Printing at chr: NC_031768.1 pos:12356117 chunknumber 46700 contains 251 sites
	-> Printing at chr: NC_031768.1 pos:12382284 chunknumber 46800 contains 253 sites
	-> Printing at chr: NC_031768.1 pos:12407716 chunknumber 46900 contains 262 sites
	-> Printing at chr: NC_031768.1 pos:12433121 chunknumber 47000 contains 256 sites
	-> Printing at chr: NC_031768.1 pos:12458475 chunknumber 47100 contains 255 sites
	-> Printing at chr: NC_031768.1 pos:12483812 chunknumber 47200 contains 251 sites
	-> Printing at chr: NC_031768.1 pos:12509345 chunknumber 47300 contains 260 sites
	-> Printing at chr: NC_031768.1 pos:12534685 chunknumber 47400 contains 252 sites
	-> Printing at chr: NC_031768.1 pos:12560055 chunknumber 47500 contains 251 sites
	-> Printing at chr: NC_031768.1 pos:12585550 chunknumber 47600 contains 254 sites
	-> Printing at chr: NC_031768.1 pos:12610928 chunknumber 47700 contains 252 sites
	-> Printing at chr: NC_031768.1 pos:12636266 chunknumber 47800 contains 251 sites
	-> Printing at chr: NC_031768.1 pos:12661615 chunknumber 47900 contains 251 sites
	-> Printing at chr: NC_031768.1 pos:12686975 chunknumber 48000 contains 252 sites
	-> Printing at chr: NC_031768.1 pos:12712321 chunknumber 48100 contains 251 sites
	-> Printing at chr: NC_031768.1 pos:12738549 chunknumber 48200 contains 253 sites
	-> Printing at chr: NC_031768.1 pos:12765145 chunknumber 48300 contains 258 sites
	-> Printing at chr: NC_031768.1 pos:12793491 chunknumber 48400 contains 261 sites
	-> Printing at chr: NC_031768.1 pos:12818855 chunknumber 48500 contains 252 sites
	-> Printing at chr: NC_031768.1 pos:12844219 chunknumber 48600 contains 253 sites
	-> Printing at chr: NC_031768.1 pos:12869574 chunknumber 48700 contains 266 sites
	-> Printing at chr: NC_031768.1 pos:12894982 chunknumber 48800 contains 251 sites
	-> Printing at chr: NC_031768.1 pos:12920342 chunknumber 48900 contains 251 sites
	-> Printing at chr: NC_031768.1 pos:12945675 chunknumber 49000 contains 251 sites
	-> Printing at chr: NC_031768.1 pos:12971788 chunknumber 49100 contains 251 sites
	-> Printing at chr: NC_031768.1 pos:12997219 chunknumber 49200 contains 252 sites
	-> Printing at chr: NC_031768.1 pos:13022611 chunknumber 49300 contains 251 sites
	-> Printing at chr: NC_031768.1 pos:13047973 chunknumber 49400 contains 253 sites
	-> Printing at chr: NC_031768.1 pos:13073735 chunknumber 49500 contains 252 sites
	-> Printing at chr: NC_031768.1 pos:13099088 chunknumber 49600 contains 252 sites
	-> Printing at chr: NC_031768.1 pos:13124897 chunknumber 49700 contains 259 sites
	-> Printing at chr: NC_031768.1 pos:13150294 chunknumber 49800 contains 252 sites
	-> Printing at chr: NC_031768.1 pos:13176660 chunknumber 49900 contains 251 sites
	-> Printing at chr: NC_031768.1 pos:13202046 chunknumber 50000 contains 251 sites
	-> Printing at chr: NC_031768.1 pos:13227426 chunknumber 50100 contains 251 sites
	-> Printing at chr: NC_031768.1 pos:13252749 chunknumber 50200 contains 254 sites
	-> Printing at chr: NC_031768.1 pos:13278164 chunknumber 50300 contains 253 sites
	-> Printing at chr: NC_031768.1 pos:13303513 chunknumber 50400 contains 254 sites
	-> Printing at chr: NC_031768.1 pos:13329009 chunknumber 50500 contains 251 sites
	-> Printing at chr: NC_031768.1 pos:13354328 chunknumber 50600 contains 257 sites
	-> Printing at chr: NC_031768.1 pos:13379655 chunknumber 50700 contains 259 sites
	-> Printing at chr: NC_031768.1 pos:13405033 chunknumber 50800 contains 258 sites
	-> Printing at chr: NC_031768.1 pos:13432127 chunknumber 50900 contains 265 sites
	-> Printing at chr: NC_031768.1 pos:13457469 chunknumber 51000 contains 252 sites
	-> Printing at chr: NC_031768.1 pos:13482797 chunknumber 51100 contains 251 sites
	-> Printing at chr: NC_031768.1 pos:13508126 chunknumber 51200 contains 253 sites
	-> Printing at chr: NC_031768.1 pos:13533492 chunknumber 51300 contains 251 sites
	-> Printing at chr: NC_031768.1 pos:13558910 chunknumber 51400 contains 251 sites
	-> Printing at chr: NC_031768.1 pos:13584421 chunknumber 51500 contains 255 sites
	-> Printing at chr: NC_031768.1 pos:13609793 chunknumber 51600 contains 252 sites
	-> Printing at chr: NC_031768.1 pos:13635285 chunknumber 51700 contains 255 sites
	-> Printing at chr: NC_031768.1 pos:13660653 chunknumber 51800 contains 258 sites
	-> Printing at chr: NC_031768.1 pos:13686006 chunknumber 51900 contains 255 sites
	-> Printing at chr: NC_031768.1 pos:13711557 chunknumber 52000 contains 251 sites
	-> Printing at chr: NC_031768.1 pos:13736836 chunknumber 52100 contains 251 sites
	-> Printing at chr: NC_031768.1 pos:13762315 chunknumber 52200 contains 264 sites
	-> Printing at chr: NC_031768.1 pos:13788216 chunknumber 52300 contains 251 sites
	-> Printing at chr: NC_031768.1 pos:13813578 chunknumber 52400 contains 255 sites
	-> Printing at chr: NC_031768.1 pos:13838900 chunknumber 52500 contains 251 sites
	-> Printing at chr: NC_031768.1 pos:13864265 chunknumber 52600 contains 256 sites
	-> Printing at chr: NC_031768.1 pos:13889666 chunknumber 52700 contains 252 sites
	-> Printing at chr: NC_031768.1 pos:13915351 chunknumber 52800 contains 252 sites
	-> Printing at chr: NC_031768.1 pos:13940721 chunknumber 52900 contains 252 sites
	-> Printing at chr: NC_031768.1 pos:13966097 chunknumber 53000 contains 252 sites
	-> Printing at chr: NC_031768.1 pos:13991457 chunknumber 53100 contains 252 sites
	-> Printing at chr: NC_031768.1 pos:14016892 chunknumber 53200 contains 254 sites
	-> Printing at chr: NC_031768.1 pos:14042250 chunknumber 53300 contains 252 sites
	-> Printing at chr: NC_031768.1 pos:14067744 chunknumber 53400 contains 256 sites
	-> Printing at chr: NC_031768.1 pos:14093150 chunknumber 53500 contains 251 sites
	-> Printing at chr: NC_031768.1 pos:14118494 chunknumber 53600 contains 251 sites
	-> Printing at chr: NC_031768.1 pos:14144258 chunknumber 53700 contains 253 sites
	-> Printing at chr: NC_031768.1 pos:14169583 chunknumber 53800 contains 252 sites
	-> Printing at chr: NC_031768.1 pos:14194935 chunknumber 53900 contains 256 sites
	-> Printing at chr: NC_031768.1 pos:14220336 chunknumber 54000 contains 260 sites
	-> Printing at chr: NC_031768.1 pos:14245727 chunknumber 54100 contains 251 sites
	-> Printing at chr: NC_031768.1 pos:14271017 chunknumber 54200 contains 256 sites
	-> Printing at chr: NC_031768.1 pos:14296357 chunknumber 54300 contains 253 sites
	-> Printing at chr: NC_031768.1 pos:14321766 chunknumber 54400 contains 256 sites
	-> Printing at chr: NC_031768.1 pos:14347177 chunknumber 54500 contains 251 sites
	-> Printing at chr: NC_031768.1 pos:14372544 chunknumber 54600 contains 256 sites
	-> Printing at chr: NC_031768.1 pos:14398652 chunknumber 54700 contains 252 sites
	-> Printing at chr: NC_031768.1 pos:14423999 chunknumber 54800 contains 253 sites
	-> Printing at chr: NC_031768.1 pos:14449598 chunknumber 54900 contains 251 sites
	-> Printing at chr: NC_031768.1 pos:14475093 chunknumber 55000 contains 255 sites
	-> Printing at chr: NC_031768.1 pos:14500452 chunknumber 55100 contains 252 sites
	-> Printing at chr: NC_031768.1 pos:14526414 chunknumber 55200 contains 253 sites
	-> Printing at chr: NC_031768.1 pos:14552245 chunknumber 55300 contains 251 sites
	-> Printing at chr: NC_031768.1 pos:14577590 chunknumber 55400 contains 253 sites
	-> Printing at chr: NC_031768.1 pos:14602902 chunknumber 55500 contains 255 sites
	-> Printing at chr: NC_031768.1 pos:14628249 chunknumber 55600 contains 262 sites
	-> Printing at chr: NC_031768.1 pos:14653589 chunknumber 55700 contains 284 sites
	-> Printing at chr: NC_031768.1 pos:14679121 chunknumber 55800 contains 252 sites
	-> Printing at chr: NC_031768.1 pos:14704497 chunknumber 55900 contains 255 sites
	-> Printing at chr: NC_031768.1 pos:14729856 chunknumber 56000 contains 251 sites
	-> Printing at chr: NC_031768.1 pos:14755265 chunknumber 56100 contains 254 sites
	-> Printing at chr: NC_031768.1 pos:14780637 chunknumber 56200 contains 255 sites
	-> Printing at chr: NC_031768.1 pos:14806086 chunknumber 56300 contains 251 sites
	-> Printing at chr: NC_031768.1 pos:14831404 chunknumber 56400 contains 251 sites
	-> Printing at chr: NC_031768.1 pos:14856739 chunknumber 56500 contains 253 sites
	-> Printing at chr: NC_031768.1 pos:14882229 chunknumber 56600 contains 251 sites
	-> Printing at chr: NC_031768.1 pos:14907590 chunknumber 56700 contains 251 sites
	-> Printing at chr: NC_031768.1 pos:14933745 chunknumber 56800 contains 251 sites
	-> Printing at chr: NC_031768.1 pos:14959122 chunknumber 56900 contains 257 sites
	-> Printing at chr: NC_031768.1 pos:14984580 chunknumber 57000 contains 252 sites
	-> Printing at chr: NC_031768.1 pos:15009978 chunknumber 57100 contains 252 sites
	-> Printing at chr: NC_031768.1 pos:15035341 chunknumber 57200 contains 253 sites
	-> Printing at chr: NC_031768.1 pos:15060664 chunknumber 57300 contains 253 sites
	-> Printing at chr: NC_031768.1 pos:15086194 chunknumber 57400 contains 253 sites
	-> Printing at chr: NC_031768.1 pos:15111548 chunknumber 57500 contains 251 sites
	-> Printing at chr: NC_031768.1 pos:15136865 chunknumber 57600 contains 253 sites
	-> Printing at chr: NC_031768.1 pos:15163482 chunknumber 57700 contains 251 sites
	-> Printing at chr: NC_031768.1 pos:15189383 chunknumber 57800 contains 251 sites
	-> Printing at chr: NC_031768.1 pos:15214707 chunknumber 57900 contains 256 sites
	-> Printing at chr: NC_031768.1 pos:15240081 chunknumber 58000 contains 251 sites
	-> Printing at chr: NC_031768.1 pos:15265485 chunknumber 58100 contains 252 sites
	-> Printing at chr: NC_031768.1 pos:15291899 chunknumber 58200 contains 253 sites
	-> Printing at chr: NC_031768.1 pos:15317323 chunknumber 58300 contains 254 sites
	-> Printing at chr: NC_031768.1 pos:15342779 chunknumber 58400 contains 251 sites
	-> Printing at chr: NC_031768.1 pos:15368139 chunknumber 58500 contains 254 sites
	-> Printing at chr: NC_031768.1 pos:15393511 chunknumber 58600 contains 252 sites
	-> Printing at chr: NC_031768.1 pos:15418892 chunknumber 58700 contains 252 sites
	-> Printing at chr: NC_031768.1 pos:15444235 chunknumber 58800 contains 306 sites
	-> Printing at chr: NC_031768.1 pos:15470118 chunknumber 58900 contains 254 sites
	-> Printing at chr: NC_031768.1 pos:15495487 chunknumber 59000 contains 257 sites
	-> Printing at chr: NC_031768.1 pos:15520891 chunknumber 59100 contains 252 sites
	-> Printing at chr: NC_031768.1 pos:15546315 chunknumber 59200 contains 254 sites
	-> Printing at chr: NC_031768.1 pos:15571675 chunknumber 59300 contains 252 sites
	-> Printing at chr: NC_031768.1 pos:15597052 chunknumber 59400 contains 252 sites
	-> Printing at chr: NC_031768.1 pos:15622479 chunknumber 59500 contains 253 sites
	-> Printing at chr: NC_031768.1 pos:15647870 chunknumber 59600 contains 258 sites
	-> Printing at chr: NC_031768.1 pos:15673191 chunknumber 59700 contains 254 sites
	-> Printing at chr: NC_031768.1 pos:15698525 chunknumber 59800 contains 253 sites
	-> Printing at chr: NC_031768.1 pos:15723921 chunknumber 59900 contains 252 sites
	-> Printing at chr: NC_031768.1 pos:15749650 chunknumber 60000 contains 251 sites
	-> Printing at chr: NC_031768.1 pos:15774953 chunknumber 60100 contains 251 sites
	-> Printing at chr: NC_031768.1 pos:15800356 chunknumber 60200 contains 252 sites
	-> Printing at chr: NC_031768.1 pos:15825761 chunknumber 60300 contains 253 sites
	-> Printing at chr: NC_031768.1 pos:15851087 chunknumber 60400 contains 252 sites
	-> Printing at chr: NC_031768.1 pos:15876443 chunknumber 60500 contains 254 sites
	-> Printing at chr: NC_031768.1 pos:15901806 chunknumber 60600 contains 252 sites
	-> Printing at chr: NC_031768.1 pos:15927165 chunknumber 60700 contains 251 sites
	-> Printing at chr: NC_031768.1 pos:15952557 chunknumber 60800 contains 251 sites
	-> Printing at chr: NC_031768.1 pos:15977896 chunknumber 60900 contains 251 sites
	-> Printing at chr: NC_031768.1 pos:16003326 chunknumber 61000 contains 264 sites
	-> Printing at chr: NC_031768.1 pos:16028705 chunknumber 61100 contains 261 sites
	-> Printing at chr: NC_031768.1 pos:16054067 chunknumber 61200 contains 258 sites
	-> Printing at chr: NC_031768.1 pos:16079421 chunknumber 61300 contains 252 sites
	-> Printing at chr: NC_031768.1 pos:16104738 chunknumber 61400 contains 253 sites
	-> Printing at chr: NC_031768.1 pos:16130070 chunknumber 61500 contains 254 sites
	-> Printing at chr: NC_031768.1 pos:16156140 chunknumber 61600 contains 253 sites
	-> Printing at chr: NC_031768.1 pos:16181442 chunknumber 61700 contains 255 sites
	-> Printing at chr: NC_031768.1 pos:16206795 chunknumber 61800 contains 253 sites
	-> Printing at chr: NC_031768.1 pos:16232163 chunknumber 61900 contains 252 sites
	-> Printing at chr: NC_031768.1 pos:16257492 chunknumber 62000 contains 252 sites
	-> Printing at chr: NC_031768.1 pos:16282858 chunknumber 62100 contains 255 sites
	-> Printing at chr: NC_031768.1 pos:16308249 chunknumber 62200 contains 255 sites
	-> Printing at chr: NC_031768.1 pos:16334110 chunknumber 62300 contains 257 sites
	-> Printing at chr: NC_031768.1 pos:16359488 chunknumber 62400 contains 252 sites
	-> Printing at chr: NC_031768.1 pos:16384909 chunknumber 62500 contains 254 sites
	-> Printing at chr: NC_031768.1 pos:16410275 chunknumber 62600 contains 256 sites
	-> Printing at chr: NC_031768.1 pos:16435634 chunknumber 62700 contains 253 sites
	-> Printing at chr: NC_031768.1 pos:16461015 chunknumber 62800 contains 251 sites
	-> Printing at chr: NC_031768.1 pos:16486647 chunknumber 62900 contains 252 sites
	-> Printing at chr: NC_031768.1 pos:16513098 chunknumber 63000 contains 251 sites
	-> Printing at chr: NC_031768.1 pos:16538478 chunknumber 63100 contains 255 sites
	-> Printing at chr: NC_031768.1 pos:16563870 chunknumber 63200 contains 253 sites
	-> Printing at chr: NC_031768.1 pos:16589280 chunknumber 63300 contains 251 sites
	-> Printing at chr: NC_031768.1 pos:16615144 chunknumber 63400 contains 252 sites
	-> Printing at chr: NC_031768.1 pos:16640742 chunknumber 63500 contains 261 sites
	-> Printing at chr: NC_031768.1 pos:16666085 chunknumber 63600 contains 253 sites
	-> Printing at chr: NC_031768.1 pos:16691461 chunknumber 63700 contains 273 sites
	-> Printing at chr: NC_031768.1 pos:16717249 chunknumber 63800 contains 251 sites
	-> Printing at chr: NC_031768.1 pos:16742587 chunknumber 63900 contains 253 sites
	-> Printing at chr: NC_031768.1 pos:16769275 chunknumber 64000 contains 251 sites
	-> Printing at chr: NC_031768.1 pos:16794641 chunknumber 64100 contains 253 sites
	-> Printing at chr: NC_031768.1 pos:16820039 chunknumber 64200 contains 254 sites
	-> Printing at chr: NC_031768.1 pos:16845675 chunknumber 64300 contains 252 sites
	-> Printing at chr: NC_031768.1 pos:16871021 chunknumber 64400 contains 258 sites
	-> Printing at chr: NC_031768.1 pos:16896348 chunknumber 64500 contains 251 sites
	-> Printing at chr: NC_031768.1 pos:16922279 chunknumber 64600 contains 258 sites
	-> Printing at chr: NC_031768.1 pos:16947689 chunknumber 64700 contains 251 sites
	-> Printing at chr: NC_031768.1 pos:16973064 chunknumber 64800 contains 254 sites
	-> Printing at chr: NC_031768.1 pos:16999297 chunknumber 64900 contains 251 sites
	-> Printing at chr: NC_031768.1 pos:17024649 chunknumber 65000 contains 255 sites
	-> Printing at chr: NC_031768.1 pos:17050348 chunknumber 65100 contains 252 sites
	-> Printing at chr: NC_031768.1 pos:17076004 chunknumber 65200 contains 251 sites
	-> Printing at chr: NC_031768.1 pos:17101329 chunknumber 65300 contains 251 sites
	-> Printing at chr: NC_031768.1 pos:17126685 chunknumber 65400 contains 251 sites
	-> Printing at chr: NC_031768.1 pos:17152375 chunknumber 65500 contains 251 sites
	-> Printing at chr: NC_031768.1 pos:17177721 chunknumber 65600 contains 251 sites
	-> Printing at chr: NC_031768.1 pos:17203182 chunknumber 65700 contains 251 sites
	-> Printing at chr: NC_031768.1 pos:17228555 chunknumber 65800 contains 251 sites
	-> Printing at chr: NC_031768.1 pos:17254101 chunknumber 65900 contains 253 sites
	-> Printing at chr: NC_031768.1 pos:17279480 chunknumber 66000 contains 252 sites
	-> Printing at chr: NC_031768.1 pos:17306058 chunknumber 66100 contains 255 sites
	-> Printing at chr: NC_031768.1 pos:17331409 chunknumber 66200 contains 255 sites
	-> Printing at chr: NC_031768.1 pos:17357236 chunknumber 66300 contains 252 sites
	-> Printing at chr: NC_031768.1 pos:17382624 chunknumber 66400 contains 255 sites
	-> Printing at chr: NC_031768.1 pos:17408012 chunknumber 66500 contains 252 sites
	-> Printing at chr: NC_031768.1 pos:17433394 chunknumber 66600 contains 253 sites
	-> Printing at chr: NC_031768.1 pos:17458892 chunknumber 66700 contains 260 sites
	-> Printing at chr: NC_031768.1 pos:17484291 chunknumber 66800 contains 256 sites
	-> Printing at chr: NC_031768.1 pos:17509707 chunknumber 66900 contains 258 sites
	-> Printing at chr: NC_031768.1 pos:17535017 chunknumber 67000 contains 253 sites
	-> Printing at chr: NC_031768.1 pos:17560334 chunknumber 67100 contains 252 sites
	-> Printing at chr: NC_031768.1 pos:17585683 chunknumber 67200 contains 252 sites
	-> Printing at chr: NC_031768.1 pos:17611087 chunknumber 67300 contains 251 sites
	-> Printing at chr: NC_031768.1 pos:17636437 chunknumber 67400 contains 255 sites
	-> Printing at chr: NC_031768.1 pos:17661765 chunknumber 67500 contains 252 sites
	-> Printing at chr: NC_031768.1 pos:17687149 chunknumber 67600 contains 251 sites
	-> Printing at chr: NC_031768.1 pos:17712556 chunknumber 67700 contains 260 sites
	-> Printing at chr: NC_031768.1 pos:17737903 chunknumber 67800 contains 251 sites
	-> Printing at chr: NC_031768.1 pos:17763233 chunknumber 67900 contains 253 sites
	-> Printing at chr: NC_031768.1 pos:17788584 chunknumber 68000 contains 258 sites
	-> Printing at chr: NC_031768.1 pos:17813945 chunknumber 68100 contains 251 sites
	-> Printing at chr: NC_031768.1 pos:17839330 chunknumber 68200 contains 251 sites
	-> Printing at chr: NC_031768.1 pos:17864661 chunknumber 68300 contains 253 sites
	-> Printing at chr: NC_031768.1 pos:17890021 chunknumber 68400 contains 256 sites
	-> Printing at chr: NC_031768.1 pos:17916893 chunknumber 68500 contains 252 sites
	-> Printing at chr: NC_031768.1 pos:17942344 chunknumber 68600 contains 252 sites
	-> Printing at chr: NC_031768.1 pos:17967689 chunknumber 68700 contains 253 sites
	-> Printing at chr: NC_031768.1 pos:17993162 chunknumber 68800 contains 251 sites
	-> Printing at chr: NC_031768.1 pos:18018538 chunknumber 68900 contains 253 sites
	-> Printing at chr: NC_031768.1 pos:18044179 chunknumber 69000 contains 252 sites
	-> Printing at chr: NC_031768.1 pos:18069551 chunknumber 69100 contains 258 sites
	-> Printing at chr: NC_031768.1 pos:18094986 chunknumber 69200 contains 254 sites
	-> Printing at chr: NC_031768.1 pos:18120351 chunknumber 69300 contains 255 sites
	-> Printing at chr: NC_031768.1 pos:18145702 chunknumber 69400 contains 256 sites
	-> Printing at chr: NC_031768.1 pos:18171071 chunknumber 69500 contains 251 sites
	-> Printing at chr: NC_031768.1 pos:18196696 chunknumber 69600 contains 257 sites
	-> Printing at chr: NC_031768.1 pos:18222072 chunknumber 69700 contains 251 sites
	-> Printing at chr: NC_031768.1 pos:18249558 chunknumber 69800 contains 258 sites
	-> Printing at chr: NC_031768.1 pos:18274926 chunknumber 69900 contains 253 sites
	-> Printing at chr: NC_031768.1 pos:18300249 chunknumber 70000 contains 252 sites
	-> Printing at chr: NC_031768.1 pos:18325566 chunknumber 70100 contains 256 sites
	-> Printing at chr: NC_031768.1 pos:18350922 chunknumber 70200 contains 256 sites
	-> Printing at chr: NC_031768.1 pos:18376610 chunknumber 70300 contains 254 sites
	-> Printing at chr: NC_031768.1 pos:18401960 chunknumber 70400 contains 251 sites
	-> Printing at chr: NC_031768.1 pos:18427329 chunknumber 70500 contains 253 sites
	-> Printing at chr: NC_031768.1 pos:18452667 chunknumber 70600 contains 262 sites
	-> Printing at chr: NC_031768.1 pos:18478071 chunknumber 70700 contains 252 sites
	-> Printing at chr: NC_031768.1 pos:18503452 chunknumber 70800 contains 251 sites
	-> Printing at chr: NC_031768.1 pos:18528921 chunknumber 70900 contains 251 sites
	-> Printing at chr: NC_031768.1 pos:18554283 chunknumber 71000 contains 251 sites
	-> Printing at chr: NC_031768.1 pos:18579656 chunknumber 71100 contains 254 sites
	-> Printing at chr: NC_031768.1 pos:18605026 chunknumber 71200 contains 252 sites
	-> Printing at chr: NC_031768.1 pos:18630440 chunknumber 71300 contains 256 sites
	-> Printing at chr: NC_031768.1 pos:18655823 chunknumber 71400 contains 253 sites
	-> Printing at chr: NC_031768.1 pos:18681214 chunknumber 71500 contains 256 sites
	-> Printing at chr: NC_031768.1 pos:18706657 chunknumber 71600 contains 252 sites
	-> Printing at chr: NC_031768.1 pos:18732236 chunknumber 71700 contains 266 sites
	-> Printing at chr: NC_031768.1 pos:18757614 chunknumber 71800 contains 251 sites
	-> Printing at chr: NC_031768.1 pos:18782975 chunknumber 71900 contains 252 sites
	-> Printing at chr: NC_031768.1 pos:18809095 chunknumber 72000 contains 251 sites
	-> Printing at chr: NC_031768.1 pos:18834527 chunknumber 72100 contains 251 sites
	-> Printing at chr: NC_031768.1 pos:18859825 chunknumber 72200 contains 253 sites
	-> Printing at chr: NC_031768.1 pos:18885146 chunknumber 72300 contains 251 sites
	-> Printing at chr: NC_031768.1 pos:18910536 chunknumber 72400 contains 256 sites
	-> Printing at chr: NC_031768.1 pos:18936124 chunknumber 72500 contains 258 sites
	-> Printing at chr: NC_031768.1 pos:18961505 chunknumber 72600 contains 261 sites
	-> Printing at chr: NC_031768.1 pos:18986865 chunknumber 72700 contains 251 sites
	-> Printing at chr: NC_031768.1 pos:19012169 chunknumber 72800 contains 251 sites
	-> Printing at chr: NC_031768.1 pos:19037487 chunknumber 72900 contains 253 sites
	-> Printing at chr: NC_031768.1 pos:19062823 chunknumber 73000 contains 251 sites
	-> Printing at chr: NC_031768.1 pos:19088161 chunknumber 73100 contains 259 sites
	-> Printing at chr: NC_031768.1 pos:19113589 chunknumber 73200 contains 251 sites
	-> Printing at chr: NC_031768.1 pos:19138908 chunknumber 73300 contains 251 sites
	-> Printing at chr: NC_031768.1 pos:19164208 chunknumber 73400 contains 251 sites
	-> Printing at chr: NC_031768.1 pos:19189545 chunknumber 73500 contains 255 sites
	-> Printing at chr: NC_031768.1 pos:19214962 chunknumber 73600 contains 254 sites
	-> Printing at chr: NC_031768.1 pos:19240271 chunknumber 73700 contains 252 sites
	-> Printing at chr: NC_031768.1 pos:19265631 chunknumber 73800 contains 252 sites
	-> Printing at chr: NC_031768.1 pos:19291042 chunknumber 73900 contains 254 sites
	-> Printing at chr: NC_031768.1 pos:19316411 chunknumber 74000 contains 254 sites
	-> Printing at chr: NC_031768.1 pos:19341810 chunknumber 74100 contains 252 sites
	-> Printing at chr: NC_031768.1 pos:19367153 chunknumber 74200 contains 255 sites
	-> Printing at chr: NC_031768.1 pos:19392529 chunknumber 74300 contains 255 sites
	-> Printing at chr: NC_031768.1 pos:19417820 chunknumber 74400 contains 251 sites
	-> Printing at chr: NC_031768.1 pos:19443249 chunknumber 74500 contains 254 sites
	-> Printing at chr: NC_031768.1 pos:19468664 chunknumber 74600 contains 251 sites
	-> Printing at chr: NC_031768.1 pos:19494005 chunknumber 74700 contains 251 sites
	-> Printing at chr: NC_031768.1 pos:19519334 chunknumber 74800 contains 253 sites
	-> Printing at chr: NC_031768.1 pos:19544725 chunknumber 74900 contains 252 sites
	-> Printing at chr: NC_031768.1 pos:19570084 chunknumber 75000 contains 255 sites
	-> Printing at chr: NC_031768.1 pos:19595710 chunknumber 75100 contains 252 sites
	-> Printing at chr: NC_031768.1 pos:19621111 chunknumber 75200 contains 251 sites
	-> Printing at chr: NC_031768.1 pos:19646459 chunknumber 75300 contains 260 sites
	-> Printing at chr: NC_031768.1 pos:19671755 chunknumber 75400 contains 251 sites
	-> Printing at chr: NC_031768.1 pos:19697203 chunknumber 75500 contains 252 sites
	-> Printing at chr: NC_031768.1 pos:19722942 chunknumber 75600 contains 258 sites
	-> Printing at chr: NC_031768.1 pos:19748318 chunknumber 75700 contains 252 sites
	-> Printing at chr: NC_031768.1 pos:19773694 chunknumber 75800 contains 253 sites
	-> Printing at chr: NC_031768.1 pos:19799040 chunknumber 75900 contains 252 sites
	-> Printing at chr: NC_031768.1 pos:19824419 chunknumber 76000 contains 254 sites
	-> Printing at chr: NC_031768.1 pos:19849776 chunknumber 76100 contains 251 sites
	-> Printing at chr: NC_031768.1 pos:19875204 chunknumber 76200 contains 252 sites
	-> Printing at chr: NC_031768.1 pos:19900557 chunknumber 76300 contains 251 sites
	-> Printing at chr: NC_031768.1 pos:19925926 chunknumber 76400 contains 261 sites
	-> Printing at chr: NC_031768.1 pos:19951327 chunknumber 76500 contains 252 sites
	-> Printing at chr: NC_031768.1 pos:19976671 chunknumber 76600 contains 251 sites
	-> Printing at chr: NC_031768.1 pos:20002018 chunknumber 76700 contains 252 sites
	-> Printing at chr: NC_031768.1 pos:20027384 chunknumber 76800 contains 255 sites
	-> Printing at chr: NC_031768.1 pos:20052801 chunknumber 76900 contains 255 sites
	-> Printing at chr: NC_031768.1 pos:20078214 chunknumber 77000 contains 252 sites
	-> Printing at chr: NC_031768.1 pos:20106833 chunknumber 77100 contains 251 sites
	-> Printing at chr: NC_031768.1 pos:20132200 chunknumber 77200 contains 256 sites
	-> Printing at chr: NC_031768.1 pos:20157625 chunknumber 77300 contains 252 sites
	-> Printing at chr: NC_031768.1 pos:20182973 chunknumber 77400 contains 253 sites
	-> Printing at chr: NC_031768.1 pos:20208994 chunknumber 77500 contains 256 sites
	-> Printing at chr: NC_031768.1 pos:20234401 chunknumber 77600 contains 251 sites
	-> Printing at chr: NC_031768.1 pos:20259794 chunknumber 77700 contains 258 sites
	-> Printing at chr: NC_031768.1 pos:20285412 chunknumber 77800 contains 252 sites
	-> Printing at chr: NC_031768.1 pos:20311654 chunknumber 77900 contains 262 sites
	-> Printing at chr: NC_031768.1 pos:20337473 chunknumber 78000 contains 252 sites
	-> Printing at chr: NC_031768.1 pos:20362881 chunknumber 78100 contains 252 sites
	-> Printing at chr: NC_031768.1 pos:20388285 chunknumber 78200 contains 254 sites
	-> Printing at chr: NC_031768.1 pos:20413631 chunknumber 78300 contains 252 sites
	-> Printing at chr: NC_031768.1 pos:20438995 chunknumber 78400 contains 251 sites
	-> Printing at chr: NC_031768.1 pos:20464330 chunknumber 78500 contains 255 sites
	-> Printing at chr: NC_031768.1 pos:20489688 chunknumber 78600 contains 252 sites
	-> Printing at chr: NC_031768.1 pos:20515092 chunknumber 78700 contains 253 sites
	-> Printing at chr: NC_031768.1 pos:20540532 chunknumber 78800 contains 251 sites
	-> Printing at chr: NC_031768.1 pos:20566008 chunknumber 78900 contains 252 sites
	-> Printing at chr: NC_031768.1 pos:20591388 chunknumber 79000 contains 251 sites
	-> Printing at chr: NC_031768.1 pos:20616756 chunknumber 79100 contains 265 sites
	-> Printing at chr: NC_031768.1 pos:20642118 chunknumber 79200 contains 252 sites
	-> Printing at chr: NC_031768.1 pos:20667499 chunknumber 79300 contains 257 sites
	-> Printing at chr: NC_031768.1 pos:20692830 chunknumber 79400 contains 258 sites
	-> Printing at chr: NC_031768.1 pos:20718213 chunknumber 79500 contains 251 sites
	-> Printing at chr: NC_031768.1 pos:20743491 chunknumber 79600 contains 252 sites
	-> Printing at chr: NC_031768.1 pos:20768892 chunknumber 79700 contains 251 sites
	-> Printing at chr: NC_031768.1 pos:20794275 chunknumber 79800 contains 254 sites
	-> Printing at chr: NC_031768.1 pos:20819665 chunknumber 79900 contains 251 sites
	-> Printing at chr: NC_031768.1 pos:20845210 chunknumber 80000 contains 253 sites
	-> Printing at chr: NC_031768.1 pos:20871042 chunknumber 80100 contains 252 sites
	-> Printing at chr: NC_031768.1 pos:20896414 chunknumber 80200 contains 258 sites
	-> Printing at chr: NC_031768.1 pos:20921804 chunknumber 80300 contains 255 sites
	-> Printing at chr: NC_031768.1 pos:20947167 chunknumber 80400 contains 258 sites
	-> Printing at chr: NC_031768.1 pos:20972530 chunknumber 80500 contains 426 sites
	-> Printing at chr: NC_031768.1 pos:20998313 chunknumber 80600 contains 251 sites
	-> Printing at chr: NC_031768.1 pos:21023749 chunknumber 80700 contains 254 sites
