Start data processing:
10:47:20
	-> angsd version: 0.940-dirty (htslib: 1.18) build(May 18 2023 16:53:32)
	-> angsd -b bam_list_adults_pop_gen.txt 
	-> No '-out' argument given, output files will be called 'angsdput'
	-> Inputtype is BAM/CRAM
[multiReader] 10 samples in 10 input files
	-> Parsing 10 number of samples 
	-> Printing at chr: NC_031768.1 pos:32689 chunknumber 100 contains 346 sites
	-> Printing at chr: NC_031768.1 pos:70411 chunknumber 200 contains 252 sites
	-> Printing at chr: NC_031768.1 pos:98458 chunknumber 300 contains 252 sites
	-> Printing at chr: NC_031768.1 pos:134514 chunknumber 400 contains 302 sites
	-> Printing at chr: NC_031768.1 pos:170365 chunknumber 500 contains 251 sites
	-> Printing at chr: NC_031768.1 pos:207142 chunknumber 600 contains 256 sites
	-> Printing at chr: NC_031768.1 pos:247512 chunknumber 700 contains 252 sites
	-> Printing at chr: NC_031768.1 pos:278452 chunknumber 800 contains 420 sites
	-> Printing at chr: NC_031768.1 pos:316013 chunknumber 900 contains 251 sites
	-> Printing at chr: NC_031768.1 pos:354522 chunknumber 1000 contains 329 sites
	-> Printing at chr: NC_031768.1 pos:388522 chunknumber 1100 contains 252 sites
	-> Printing at chr: NC_031768.1 pos:416427 chunknumber 1200 contains 259 sites
	-> Printing at chr: NC_031768.1 pos:444834 chunknumber 1300 contains 254 sites
	-> Printing at chr: NC_031768.1 pos:470072 chunknumber 1400 contains 251 sites
	-> Printing at chr: NC_031768.1 pos:496874 chunknumber 1500 contains 252 sites
	-> Printing at chr: NC_031768.1 pos:522190 chunknumber 1600 contains 251 sites
	-> Printing at chr: NC_031768.1 pos:550104 chunknumber 1700 contains 252 sites
	-> Printing at chr: NC_031768.1 pos:575414 chunknumber 1800 contains 255 sites
	-> Printing at chr: NC_031768.1 pos:600779 chunknumber 1900 contains 251 sites
	-> Printing at chr: NC_031768.1 pos:626116 chunknumber 2000 contains 251 sites
	-> Printing at chr: NC_031768.1 pos:669507 chunknumber 2100 contains 450 sites
	-> Printing at chr: NC_031768.1 pos:722690 chunknumber 2200 contains 253 sites
	-> Printing at chr: NC_031768.1 pos:752771 chunknumber 2300 contains 254 sites
	-> Printing at chr: NC_031768.1 pos:791691 chunknumber 2400 contains 258 sites
	-> Printing at chr: NC_031768.1 pos:824969 chunknumber 2500 contains 251 sites
	-> Printing at chr: NC_031768.1 pos:868168 chunknumber 2600 contains 252 sites
	-> Printing at chr: NC_031768.1 pos:901876 chunknumber 2700 contains 260 sites
	-> Printing at chr: NC_031768.1 pos:930966 chunknumber 2800 contains 253 sites
	-> Printing at chr: NC_031768.1 pos:958748 chunknumber 2900 contains 258 sites
	-> Printing at chr: NC_031768.1 pos:984263 chunknumber 3000 contains 251 sites
	-> Printing at chr: NC_031768.1 pos:1009901 chunknumber 3100 contains 257 sites
	-> Printing at chr: NC_031768.1 pos:1035242 chunknumber 3200 contains 255 sites
	-> Printing at chr: NC_031768.1 pos:1060600 chunknumber 3300 contains 252 sites
	-> Printing at chr: NC_031768.1 pos:1086139 chunknumber 3400 contains 257 sites
	-> Printing at chr: NC_031768.1 pos:1114552 chunknumber 3500 contains 254 sites
	-> Printing at chr: NC_031768.1 pos:1142709 chunknumber 3600 contains 257 sites
	-> Printing at chr: NC_031768.1 pos:1174038 chunknumber 3700 contains 253 sites
	-> Printing at chr: NC_031768.1 pos:1204301 chunknumber 3800 contains 369 sites
	-> Printing at chr: NC_031768.1 pos:1244168 chunknumber 3900 contains 252 sites
	-> Printing at chr: NC_031768.1 pos:1276216 chunknumber 4000 contains 255 sites
	-> Printing at chr: NC_031768.1 pos:1304277 chunknumber 4100 contains 275 sites
	-> Printing at chr: NC_031768.1 pos:1332909 chunknumber 4200 contains 251 sites
	-> Printing at chr: NC_031768.1 pos:1359209 chunknumber 4300 contains 253 sites
	-> Printing at chr: NC_031768.1 pos:1388028 chunknumber 4400 contains 253 sites
	-> Printing at chr: NC_031768.1 pos:1418778 chunknumber 4500 contains 255 sites
	-> Printing at chr: NC_031768.1 pos:1454886 chunknumber 4600 contains 251 sites
	-> Printing at chr: NC_031768.1 pos:1481619 chunknumber 4700 contains 251 sites
	-> Printing at chr: NC_031768.1 pos:1524491 chunknumber 4800 contains 258 sites
	-> Printing at chr: NC_031768.1 pos:1566717 chunknumber 4900 contains 259 sites
	-> Printing at chr: NC_031768.1 pos:1594779 chunknumber 5000 contains 252 sites
	-> Printing at chr: NC_031768.1 pos:1629619 chunknumber 5100 contains 257 sites
	-> Printing at chr: NC_031768.1 pos:1659720 chunknumber 5200 contains 311 sites
	-> Printing at chr: NC_031768.1 pos:1687020 chunknumber 5300 contains 252 sites
	-> Printing at chr: NC_031768.1 pos:1727045 chunknumber 5400 contains 251 sites
	-> Printing at chr: NC_031768.1 pos:1752900 chunknumber 5500 contains 251 sites
	-> Printing at chr: NC_031768.1 pos:1784852 chunknumber 5600 contains 251 sites
	-> Printing at chr: NC_031768.1 pos:1814273 chunknumber 5700 contains 256 sites
	-> Printing at chr: NC_031768.1 pos:1844862 chunknumber 5800 contains 251 sites
	-> Printing at chr: NC_031768.1 pos:1877459 chunknumber 5900 contains 253 sites
	-> Printing at chr: NC_031768.1 pos:1904998 chunknumber 6000 contains 251 sites
	-> Printing at chr: NC_031768.1 pos:1931259 chunknumber 6100 contains 251 sites
	-> Printing at chr: NC_031768.1 pos:1959912 chunknumber 6200 contains 256 sites
	-> Printing at chr: NC_031768.1 pos:2006153 chunknumber 6300 contains 260 sites
	-> Printing at chr: NC_031768.1 pos:2034398 chunknumber 6400 contains 252 sites
	-> Printing at chr: NC_031768.1 pos:2059770 chunknumber 6500 contains 259 sites
	-> Printing at chr: NC_031768.1 pos:2085991 chunknumber 6600 contains 251 sites
	-> Printing at chr: NC_031768.1 pos:2111330 chunknumber 6700 contains 251 sites
	-> Printing at chr: NC_031768.1 pos:2139147 chunknumber 6800 contains 251 sites
	-> Printing at chr: NC_031768.1 pos:2164487 chunknumber 6900 contains 256 sites
	-> Printing at chr: NC_031768.1 pos:2190892 chunknumber 7000 contains 227 sites
	-> Printing at chr: NC_031768.1 pos:2217769 chunknumber 7100 contains 266 sites
	-> Printing at chr: NC_031768.1 pos:2246204 chunknumber 7200 contains 252 sites
	-> Printing at chr: NC_031768.1 pos:2272407 chunknumber 7300 contains 252 sites
	-> Printing at chr: NC_031768.1 pos:2297814 chunknumber 7400 contains 253 sites
	-> Printing at chr: NC_031768.1 pos:2325659 chunknumber 7500 contains 254 sites
	-> Printing at chr: NC_031768.1 pos:2352971 chunknumber 7600 contains 252 sites
	-> Printing at chr: NC_031768.1 pos:2378324 chunknumber 7700 contains 253 sites
	-> Printing at chr: NC_031768.1 pos:2403744 chunknumber 7800 contains 257 sites
	-> Printing at chr: NC_031768.1 pos:2433201 chunknumber 7900 contains 253 sites
	-> Printing at chr: NC_031768.1 pos:2460738 chunknumber 8000 contains 255 sites
	-> Printing at chr: NC_031768.1 pos:2492382 chunknumber 8100 contains 252 sites
	-> Printing at chr: NC_031768.1 pos:2519104 chunknumber 8200 contains 253 sites
	-> Printing at chr: NC_031768.1 pos:2544507 chunknumber 8300 contains 252 sites
	-> Printing at chr: NC_031768.1 pos:2569886 chunknumber 8400 contains 253 sites
	-> Printing at chr: NC_031768.1 pos:2595954 chunknumber 8500 contains 257 sites
	-> Printing at chr: NC_031768.1 pos:2622156 chunknumber 8600 contains 253 sites
	-> Printing at chr: NC_031768.1 pos:2647987 chunknumber 8700 contains 262 sites
	-> Printing at chr: NC_031768.1 pos:2673252 chunknumber 8800 contains 254 sites
	-> Printing at chr: NC_031768.1 pos:2699636 chunknumber 8900 contains 252 sites
	-> Printing at chr: NC_031768.1 pos:2727083 chunknumber 9000 contains 252 sites
	-> Printing at chr: NC_031768.1 pos:2755158 chunknumber 9100 contains 251 sites
	-> Printing at chr: NC_031768.1 pos:2780442 chunknumber 9200 contains 256 sites
	-> Printing at chr: NC_031768.1 pos:2805920 chunknumber 9300 contains 252 sites
	-> Printing at chr: NC_031768.1 pos:2831822 chunknumber 9400 contains 252 sites
	-> Printing at chr: NC_031768.1 pos:2857309 chunknumber 9500 contains 665 sites
	-> Printing at chr: NC_031768.1 pos:2884211 chunknumber 9600 contains 252 sites
	-> Printing at chr: NC_031768.1 pos:2909764 chunknumber 9700 contains 251 sites
	-> Printing at chr: NC_031768.1 pos:2936530 chunknumber 9800 contains 253 sites
	-> Printing at chr: NC_031768.1 pos:2962769 chunknumber 9900 contains 256 sites
	-> Printing at chr: NC_031768.1 pos:2988300 chunknumber 10000 contains 255 sites
	-> Printing at chr: NC_031768.1 pos:3013942 chunknumber 10100 contains 251 sites
	-> Printing at chr: NC_031768.1 pos:3042163 chunknumber 10200 contains 251 sites
	-> Printing at chr: NC_031768.1 pos:3067543 chunknumber 10300 contains 257 sites
	-> Printing at chr: NC_031768.1 pos:3094904 chunknumber 10400 contains 252 sites
	-> Printing at chr: NC_031768.1 pos:3121839 chunknumber 10500 contains 252 sites
	-> Printing at chr: NC_031768.1 pos:3147755 chunknumber 10600 contains 253 sites
	-> Printing at chr: NC_031768.1 pos:3172995 chunknumber 10700 contains 251 sites
	-> Printing at chr: NC_031768.1 pos:3198764 chunknumber 10800 contains 255 sites
	-> Printing at chr: NC_031768.1 pos:3224549 chunknumber 10900 contains 251 sites
	-> Printing at chr: NC_031768.1 pos:3250049 chunknumber 11000 contains 253 sites
	-> Printing at chr: NC_031768.1 pos:3275447 chunknumber 11100 contains 253 sites
	-> Printing at chr: NC_031768.1 pos:3301039 chunknumber 11200 contains 251 sites
	-> Printing at chr: NC_031768.1 pos:3326370 chunknumber 11300 contains 252 sites
	-> Printing at chr: NC_031768.1 pos:3354253 chunknumber 11400 contains 258 sites
	-> Printing at chr: NC_031768.1 pos:3384816 chunknumber 11500 contains 251 sites
	-> Printing at chr: NC_031768.1 pos:3410217 chunknumber 11600 contains 251 sites
	-> Printing at chr: NC_031768.1 pos:3437205 chunknumber 11700 contains 262 sites
	-> Printing at chr: NC_031768.1 pos:3463501 chunknumber 11800 contains 251 sites
	-> Printing at chr: NC_031768.1 pos:3490004 chunknumber 11900 contains 253 sites
	-> Printing at chr: NC_031768.1 pos:3515703 chunknumber 12000 contains 256 sites
	-> Printing at chr: NC_031768.1 pos:3541535 chunknumber 12100 contains 252 sites
	-> Printing at chr: NC_031768.1 pos:3567592 chunknumber 12200 contains 252 sites
	-> Printing at chr: NC_031768.1 pos:3592891 chunknumber 12300 contains 251 sites
	-> Printing at chr: NC_031768.1 pos:3618192 chunknumber 12400 contains 251 sites
	-> Printing at chr: NC_031768.1 pos:3643484 chunknumber 12500 contains 251 sites
	-> Printing at chr: NC_031768.1 pos:3669936 chunknumber 12600 contains 251 sites
	-> Printing at chr: NC_031768.1 pos:3695853 chunknumber 12700 contains 251 sites
	-> Printing at chr: NC_031768.1 pos:3723002 chunknumber 12800 contains 251 sites
	-> Printing at chr: NC_031768.1 pos:3748330 chunknumber 12900 contains 256 sites
	-> Printing at chr: NC_031768.1 pos:3774039 chunknumber 13000 contains 252 sites
	-> Printing at chr: NC_031768.1 pos:3799697 chunknumber 13100 contains 255 sites
	-> Printing at chr: NC_031768.1 pos:3825132 chunknumber 13200 contains 251 sites
	-> Printing at chr: NC_031768.1 pos:3850419 chunknumber 13300 contains 252 sites
	-> Printing at chr: NC_031768.1 pos:3876317 chunknumber 13400 contains 252 sites
	-> Printing at chr: NC_031768.1 pos:3902094 chunknumber 13500 contains 264 sites
	-> Printing at chr: NC_031768.1 pos:3927363 chunknumber 13600 contains 252 sites
	-> Printing at chr: NC_031768.1 pos:3953642 chunknumber 13700 contains 251 sites
	-> Printing at chr: NC_031768.1 pos:3979578 chunknumber 13800 contains 253 sites
	-> Printing at chr: NC_031768.1 pos:4004852 chunknumber 13900 contains 251 sites
	-> Printing at chr: NC_031768.1 pos:4030629 chunknumber 14000 contains 251 sites
	-> Printing at chr: NC_031768.1 pos:4056640 chunknumber 14100 contains 252 sites
	-> Printing at chr: NC_031768.1 pos:4083116 chunknumber 14200 contains 265 sites
	-> Printing at chr: NC_031768.1 pos:4108393 chunknumber 14300 contains 252 sites
	-> Printing at chr: NC_031768.1 pos:4133834 chunknumber 14400 contains 251 sites
	-> Printing at chr: NC_031768.1 pos:4159267 chunknumber 14500 contains 252 sites
	-> Printing at chr: NC_031768.1 pos:4185219 chunknumber 14600 contains 252 sites
	-> Printing at chr: NC_031768.1 pos:4210497 chunknumber 14700 contains 252 sites
	-> Printing at chr: NC_031768.1 pos:4236901 chunknumber 14800 contains 255 sites
	-> Printing at chr: NC_031768.1 pos:4262212 chunknumber 14900 contains 251 sites
	-> Printing at chr: NC_031768.1 pos:4288859 chunknumber 15000 contains 256 sites
	-> Printing at chr: NC_031768.1 pos:4315014 chunknumber 15100 contains 252 sites
	-> Printing at chr: NC_031768.1 pos:4340713 chunknumber 15200 contains 259 sites
	-> Printing at chr: NC_031768.1 pos:4365987 chunknumber 15300 contains 252 sites
	-> Printing at chr: NC_031768.1 pos:4392253 chunknumber 15400 contains 251 sites
	-> Printing at chr: NC_031768.1 pos:4417521 chunknumber 15500 contains 252 sites
	-> Printing at chr: NC_031768.1 pos:4443465 chunknumber 15600 contains 255 sites
	-> Printing at chr: NC_031768.1 pos:4468791 chunknumber 15700 contains 251 sites
	-> Printing at chr: NC_031768.1 pos:4499624 chunknumber 15800 contains 252 sites
	-> Printing at chr: NC_031768.1 pos:4526818 chunknumber 15900 contains 252 sites
	-> Printing at chr: NC_031768.1 pos:4552443 chunknumber 16000 contains 253 sites
	-> Printing at chr: NC_031768.1 pos:4577717 chunknumber 16100 contains 252 sites
	-> Printing at chr: NC_031768.1 pos:4603722 chunknumber 16200 contains 252 sites
	-> Printing at chr: NC_031768.1 pos:4630353 chunknumber 16300 contains 251 sites
	-> Printing at chr: NC_031768.1 pos:4657246 chunknumber 16400 contains 251 sites
	-> Printing at chr: NC_031768.1 pos:4683309 chunknumber 16500 contains 251 sites
	-> Printing at chr: NC_031768.1 pos:4708609 chunknumber 16600 contains 251 sites
	-> Printing at chr: NC_031768.1 pos:4734861 chunknumber 16700 contains 251 sites
	-> Printing at chr: NC_031768.1 pos:4765568 chunknumber 16800 contains 272 sites
	-> Printing at chr: NC_031768.1 pos:4795609 chunknumber 16900 contains 254 sites
	-> Printing at chr: NC_031768.1 pos:4821101 chunknumber 17000 contains 251 sites
	-> Printing at chr: NC_031768.1 pos:4846783 chunknumber 17100 contains 252 sites
	-> Printing at chr: NC_031768.1 pos:4872440 chunknumber 17200 contains 252 sites
	-> Printing at chr: NC_031768.1 pos:4897925 chunknumber 17300 contains 252 sites
	-> Printing at chr: NC_031768.1 pos:4923206 chunknumber 17400 contains 628 sites
	-> Printing at chr: NC_031768.1 pos:4948896 chunknumber 17500 contains 892 sites
	-> Printing at chr: NC_031768.1 pos:4974974 chunknumber 17600 contains 251 sites
	-> Printing at chr: NC_031768.1 pos:5000259 chunknumber 17700 contains 253 sites
	-> Printing at chr: NC_031768.1 pos:5025511 chunknumber 17800 contains 251 sites
	-> Printing at chr: NC_031768.1 pos:5050785 chunknumber 17900 contains 252 sites
	-> Printing at chr: NC_031768.1 pos:5076056 chunknumber 18000 contains 255 sites
	-> Printing at chr: NC_031768.1 pos:5102233 chunknumber 18100 contains 252 sites
	-> Printing at chr: NC_031768.1 pos:5127552 chunknumber 18200 contains 251 sites
	-> Printing at chr: NC_031768.1 pos:5152790 chunknumber 18300 contains 253 sites
	-> Printing at chr: NC_031768.1 pos:5178803 chunknumber 18400 contains 251 sites
	-> Printing at chr: NC_031768.1 pos:5204521 chunknumber 18500 contains 254 sites
	-> Printing at chr: NC_031768.1 pos:5229810 chunknumber 18600 contains 252 sites
	-> Printing at chr: NC_031768.1 pos:5255077 chunknumber 18700 contains 254 sites
	-> Printing at chr: NC_031768.1 pos:5281064 chunknumber 18800 contains 254 sites
	-> Printing at chr: NC_031768.1 pos:5306307 chunknumber 18900 contains 254 sites
	-> Printing at chr: NC_031768.1 pos:5331593 chunknumber 19000 contains 251 sites
	-> Printing at chr: NC_031768.1 pos:5356884 chunknumber 19100 contains 252 sites
	-> Printing at chr: NC_031768.1 pos:5382181 chunknumber 19200 contains 251 sites
	-> Printing at chr: NC_031768.1 pos:5408539 chunknumber 19300 contains 251 sites
	-> Printing at chr: NC_031768.1 pos:5434531 chunknumber 19400 contains 256 sites
	-> Printing at chr: NC_031768.1 pos:5459781 chunknumber 19500 contains 253 sites
	-> Printing at chr: NC_031768.1 pos:5485067 chunknumber 19600 contains 254 sites
	-> Printing at chr: NC_031768.1 pos:5511378 chunknumber 19700 contains 253 sites
	-> Printing at chr: NC_031768.1 pos:5536636 chunknumber 19800 contains 252 sites
	-> Printing at chr: NC_031768.1 pos:5561903 chunknumber 19900 contains 253 sites
	-> Printing at chr: NC_031768.1 pos:5587176 chunknumber 20000 contains 251 sites
	-> Printing at chr: NC_031768.1 pos:5612682 chunknumber 20100 contains 251 sites
	-> Printing at chr: NC_031768.1 pos:5637899 chunknumber 20200 contains 252 sites
	-> Printing at chr: NC_031768.1 pos:5663173 chunknumber 20300 contains 251 sites
	-> Printing at chr: NC_031768.1 pos:5688463 chunknumber 20400 contains 254 sites
	-> Printing at chr: NC_031768.1 pos:5713693 chunknumber 20500 contains 252 sites
	-> Printing at chr: NC_031768.1 pos:5738988 chunknumber 20600 contains 251 sites
	-> Printing at chr: NC_031768.1 pos:5764304 chunknumber 20700 contains 255 sites
	-> Printing at chr: NC_031768.1 pos:5789606 chunknumber 20800 contains 253 sites
	-> Printing at chr: NC_031768.1 pos:5814844 chunknumber 20900 contains 256 sites
	-> Printing at chr: NC_031768.1 pos:5840121 chunknumber 21000 contains 253 sites
	-> Printing at chr: NC_031768.1 pos:5865546 chunknumber 21100 contains 252 sites
	-> Printing at chr: NC_031768.1 pos:5891439 chunknumber 21200 contains 251 sites
	-> Printing at chr: NC_031768.1 pos:5917637 chunknumber 21300 contains 254 sites
	-> Printing at chr: NC_031768.1 pos:5943134 chunknumber 21400 contains 252 sites
	-> Printing at chr: NC_031768.1 pos:5968707 chunknumber 21500 contains 254 sites
	-> Printing at chr: NC_031768.1 pos:5993974 chunknumber 21600 contains 251 sites
	-> Printing at chr: NC_031768.1 pos:6019229 chunknumber 21700 contains 251 sites
	-> Printing at chr: NC_031768.1 pos:6044533 chunknumber 21800 contains 251 sites
	-> Printing at chr: NC_031768.1 pos:6070171 chunknumber 21900 contains 251 sites
	-> Printing at chr: NC_031768.1 pos:6095438 chunknumber 22000 contains 251 sites
	-> Printing at chr: NC_031768.1 pos:6120668 chunknumber 22100 contains 254 sites
	-> Printing at chr: NC_031768.1 pos:6145907 chunknumber 22200 contains 254 sites
	-> Printing at chr: NC_031768.1 pos:6171258 chunknumber 22300 contains 251 sites
	-> Printing at chr: NC_031768.1 pos:6196554 chunknumber 22400 contains 257 sites
	-> Printing at chr: NC_031768.1 pos:6221822 chunknumber 22500 contains 251 sites
	-> Printing at chr: NC_031768.1 pos:6247123 chunknumber 22600 contains 251 sites
	-> Printing at chr: NC_031768.1 pos:6272385 chunknumber 22700 contains 257 sites
	-> Printing at chr: NC_031768.1 pos:6297670 chunknumber 22800 contains 252 sites
	-> Printing at chr: NC_031768.1 pos:6324280 chunknumber 22900 contains 255 sites
	-> Printing at chr: NC_031768.1 pos:6349639 chunknumber 23000 contains 251 sites
	-> Printing at chr: NC_031768.1 pos:6374918 chunknumber 23100 contains 252 sites
	-> Printing at chr: NC_031768.1 pos:6400471 chunknumber 23200 contains 252 sites
	-> Printing at chr: NC_031768.1 pos:6425745 chunknumber 23300 contains 254 sites
	-> Printing at chr: NC_031768.1 pos:6451188 chunknumber 23400 contains 251 sites
	-> Printing at chr: NC_031768.1 pos:6476472 chunknumber 23500 contains 259 sites
	-> Printing at chr: NC_031768.1 pos:6501730 chunknumber 23600 contains 252 sites
	-> Printing at chr: NC_031768.1 pos:6526983 chunknumber 23700 contains 251 sites
	-> Printing at chr: NC_031768.1 pos:6552469 chunknumber 23800 contains 251 sites
	-> Printing at chr: NC_031768.1 pos:6577734 chunknumber 23900 contains 254 sites
	-> Printing at chr: NC_031768.1 pos:6604124 chunknumber 24000 contains 253 sites
	-> Printing at chr: NC_031768.1 pos:6629373 chunknumber 24100 contains 257 sites
	-> Printing at chr: NC_031768.1 pos:6654756 chunknumber 24200 contains 251 sites
	-> Printing at chr: NC_031768.1 pos:6680592 chunknumber 24300 contains 251 sites
	-> Printing at chr: NC_031768.1 pos:6705832 chunknumber 24400 contains 254 sites
	-> Printing at chr: NC_031768.1 pos:6731093 chunknumber 24500 contains 251 sites
	-> Printing at chr: NC_031768.1 pos:6756367 chunknumber 24600 contains 251 sites
	-> Printing at chr: NC_031768.1 pos:6781861 chunknumber 24700 contains 255 sites
	-> Printing at chr: NC_031768.1 pos:6808055 chunknumber 24800 contains 251 sites
	-> Printing at chr: NC_031768.1 pos:6833340 chunknumber 24900 contains 255 sites
	-> Printing at chr: NC_031768.1 pos:6858591 chunknumber 25000 contains 253 sites
	-> Printing at chr: NC_031768.1 pos:6884397 chunknumber 25100 contains 252 sites
	-> Printing at chr: NC_031768.1 pos:6909951 chunknumber 25200 contains 253 sites
	-> Printing at chr: NC_031768.1 pos:6935228 chunknumber 25300 contains 252 sites
	-> Printing at chr: NC_031768.1 pos:6960895 chunknumber 25400 contains 251 sites
	-> Printing at chr: NC_031768.1 pos:6986416 chunknumber 25500 contains 251 sites
	-> Printing at chr: NC_031768.1 pos:7011727 chunknumber 25600 contains 252 sites
	-> Printing at chr: NC_031768.1 pos:7038032 chunknumber 25700 contains 254 sites
	-> Printing at chr: NC_031768.1 pos:7063286 chunknumber 25800 contains 253 sites
	-> Printing at chr: NC_031768.1 pos:7088540 chunknumber 25900 contains 251 sites
	-> Printing at chr: NC_031768.1 pos:7113796 chunknumber 26000 contains 253 sites
	-> Printing at chr: NC_031768.1 pos:7139079 chunknumber 26100 contains 252 sites
	-> Printing at chr: NC_031768.1 pos:7164314 chunknumber 26200 contains 252 sites
	-> Printing at chr: NC_031768.1 pos:7189571 chunknumber 26300 contains 251 sites
	-> Printing at chr: NC_031768.1 pos:7214839 chunknumber 26400 contains 429 sites
	-> Printing at chr: NC_031768.1 pos:7240632 chunknumber 26500 contains 251 sites
	-> Printing at chr: NC_031768.1 pos:7266032 chunknumber 26600 contains 251 sites
	-> Printing at chr: NC_031768.1 pos:7291948 chunknumber 26700 contains 252 sites
	-> Printing at chr: NC_031768.1 pos:7318365 chunknumber 26800 contains 252 sites
	-> Printing at chr: NC_031768.1 pos:7343609 chunknumber 26900 contains 253 sites
	-> Printing at chr: NC_031768.1 pos:7368842 chunknumber 27000 contains 252 sites
	-> Printing at chr: NC_031768.1 pos:7394094 chunknumber 27100 contains 255 sites
	-> Printing at chr: NC_031768.1 pos:7420077 chunknumber 27200 contains 255 sites
	-> Printing at chr: NC_031768.1 pos:7445354 chunknumber 27300 contains 252 sites
	-> Printing at chr: NC_031768.1 pos:7470976 chunknumber 27400 contains 253 sites
	-> Printing at chr: NC_031768.1 pos:7496222 chunknumber 27500 contains 252 sites
	-> Printing at chr: NC_031768.1 pos:7521496 chunknumber 27600 contains 253 sites
	-> Printing at chr: NC_031768.1 pos:7546956 chunknumber 27700 contains 251 sites
	-> Printing at chr: NC_031768.1 pos:7572209 chunknumber 27800 contains 254 sites
	-> Printing at chr: NC_031768.1 pos:7597669 chunknumber 27900 contains 256 sites
	-> Printing at chr: NC_031768.1 pos:7623279 chunknumber 28000 contains 251 sites
	-> Printing at chr: NC_031768.1 pos:7651431 chunknumber 28100 contains 252 sites
	-> Printing at chr: NC_031768.1 pos:7682370 chunknumber 28200 contains 263 sites
	-> Printing at chr: NC_031768.1 pos:7708955 chunknumber 28300 contains 256 sites
	-> Printing at chr: NC_031768.1 pos:7734298 chunknumber 28400 contains 255 sites
	-> Printing at chr: NC_031768.1 pos:7760046 chunknumber 28500 contains 251 sites
	-> Printing at chr: NC_031768.1 pos:7785301 chunknumber 28600 contains 252 sites
	-> Printing at chr: NC_031768.1 pos:7811451 chunknumber 28700 contains 252 sites
	-> Printing at chr: NC_031768.1 pos:7836800 chunknumber 28800 contains 254 sites
	-> Printing at chr: NC_031768.1 pos:7862125 chunknumber 28900 contains 252 sites
	-> Printing at chr: NC_031768.1 pos:7887525 chunknumber 29000 contains 253 sites
	-> Printing at chr: NC_031768.1 pos:7912790 chunknumber 29100 contains 254 sites
	-> Printing at chr: NC_031768.1 pos:7938389 chunknumber 29200 contains 252 sites
	-> Printing at chr: NC_031768.1 pos:7965757 chunknumber 29300 contains 251 sites
	-> Printing at chr: NC_031768.1 pos:7991144 chunknumber 29400 contains 257 sites
	-> Printing at chr: NC_031768.1 pos:8016423 chunknumber 29500 contains 253 sites
	-> Printing at chr: NC_031768.1 pos:8041695 chunknumber 29600 contains 251 sites
	-> Printing at chr: NC_031768.1 pos:8066942 chunknumber 29700 contains 251 sites
	-> Printing at chr: NC_031768.1 pos:8092190 chunknumber 29800 contains 257 sites
	-> Printing at chr: NC_031768.1 pos:8118425 chunknumber 29900 contains 256 sites
	-> Printing at chr: NC_031768.1 pos:8143682 chunknumber 30000 contains 251 sites
	-> Printing at chr: NC_031768.1 pos:8168933 chunknumber 30100 contains 258 sites
	-> Printing at chr: NC_031768.1 pos:8194184 chunknumber 30200 contains 262 sites
	-> Printing at chr: NC_031768.1 pos:8220284 chunknumber 30300 contains 255 sites
	-> Printing at chr: NC_031768.1 pos:8245533 chunknumber 30400 contains 251 sites
	-> Printing at chr: NC_031768.1 pos:8270753 chunknumber 30500 contains 253 sites
	-> Printing at chr: NC_031768.1 pos:8296267 chunknumber 30600 contains 252 sites
	-> Printing at chr: NC_031768.1 pos:8321600 chunknumber 30700 contains 251 sites
	-> Printing at chr: NC_031768.1 pos:8346896 chunknumber 30800 contains 251 sites
	-> Printing at chr: NC_031768.1 pos:8372209 chunknumber 30900 contains 251 sites
	-> Printing at chr: NC_031768.1 pos:8397470 chunknumber 31000 contains 251 sites
	-> Printing at chr: NC_031768.1 pos:8422727 chunknumber 31100 contains 251 sites
	-> Printing at chr: NC_031768.1 pos:8447996 chunknumber 31200 contains 251 sites
	-> Printing at chr: NC_031768.1 pos:8473215 chunknumber 31300 contains 251 sites
	-> Printing at chr: NC_031768.1 pos:8498697 chunknumber 31400 contains 253 sites
	-> Printing at chr: NC_031768.1 pos:8523930 chunknumber 31500 contains 253 sites
	-> Printing at chr: NC_031768.1 pos:8549186 chunknumber 31600 contains 252 sites
	-> Printing at chr: NC_031768.1 pos:8574455 chunknumber 31700 contains 251 sites
	-> Printing at chr: NC_031768.1 pos:8600142 chunknumber 31800 contains 256 sites
	-> Printing at chr: NC_031768.1 pos:8625413 chunknumber 31900 contains 251 sites
	-> Printing at chr: NC_031768.1 pos:8650700 chunknumber 32000 contains 257 sites
	-> Printing at chr: NC_031768.1 pos:8676264 chunknumber 32100 contains 251 sites
	-> Printing at chr: NC_031768.1 pos:8701636 chunknumber 32200 contains 254 sites
	-> Printing at chr: NC_031768.1 pos:8726931 chunknumber 32300 contains 251 sites
	-> Printing at chr: NC_031768.1 pos:8752170 chunknumber 32400 contains 253 sites
	-> Printing at chr: NC_031768.1 pos:8777442 chunknumber 32500 contains 255 sites
	-> Printing at chr: NC_031768.1 pos:8802744 chunknumber 32600 contains 251 sites
	-> Printing at chr: NC_031768.1 pos:8828053 chunknumber 32700 contains 254 sites
	-> Printing at chr: NC_031768.1 pos:8853335 chunknumber 32800 contains 254 sites
	-> Printing at chr: NC_031768.1 pos:8878653 chunknumber 32900 contains 251 sites
	-> Printing at chr: NC_031768.1 pos:8903917 chunknumber 33000 contains 251 sites
	-> Printing at chr: NC_031768.1 pos:8929170 chunknumber 33100 contains 254 sites
	-> Printing at chr: NC_031768.1 pos:8954454 chunknumber 33200 contains 253 sites
	-> Printing at chr: NC_031768.1 pos:8979693 chunknumber 33300 contains 251 sites
	-> Printing at chr: NC_031768.1 pos:9004948 chunknumber 33400 contains 255 sites
	-> Printing at chr: NC_031768.1 pos:9030230 chunknumber 33500 contains 254 sites
	-> Printing at chr: NC_031768.1 pos:9055476 chunknumber 33600 contains 253 sites
	-> Printing at chr: NC_031768.1 pos:9080739 chunknumber 33700 contains 251 sites
	-> Printing at chr: NC_031768.1 pos:9105987 chunknumber 33800 contains 253 sites
	-> Printing at chr: NC_031768.1 pos:9131244 chunknumber 33900 contains 255 sites
	-> Printing at chr: NC_031768.1 pos:9156696 chunknumber 34000 contains 252 sites
	-> Printing at chr: NC_031768.1 pos:9182483 chunknumber 34100 contains 255 sites
	-> Printing at chr: NC_031768.1 pos:9208082 chunknumber 34200 contains 251 sites
	-> Printing at chr: NC_031768.1 pos:9233309 chunknumber 34300 contains 251 sites
	-> Printing at chr: NC_031768.1 pos:9258929 chunknumber 34400 contains 251 sites
	-> Printing at chr: NC_031768.1 pos:9284210 chunknumber 34500 contains 251 sites
	-> Printing at chr: NC_031768.1 pos:9309633 chunknumber 34600 contains 252 sites
	-> Printing at chr: NC_031768.1 pos:9334904 chunknumber 34700 contains 253 sites
	-> Printing at chr: NC_031768.1 pos:9360337 chunknumber 34800 contains 257 sites
	-> Printing at chr: NC_031768.1 pos:9385616 chunknumber 34900 contains 253 sites
	-> Printing at chr: NC_031768.1 pos:9410857 chunknumber 35000 contains 254 sites
	-> Printing at chr: NC_031768.1 pos:9436971 chunknumber 35100 contains 255 sites
	-> Printing at chr: NC_031768.1 pos:9462265 chunknumber 35200 contains 256 sites
	-> Printing at chr: NC_031768.1 pos:9487761 chunknumber 35300 contains 253 sites
	-> Printing at chr: NC_031768.1 pos:9513156 chunknumber 35400 contains 253 sites
	-> Printing at chr: NC_031768.1 pos:9538682 chunknumber 35500 contains 254 sites
	-> Printing at chr: NC_031768.1 pos:9563928 chunknumber 35600 contains 252 sites
	-> Printing at chr: NC_031768.1 pos:9589189 chunknumber 35700 contains 252 sites
	-> Printing at chr: NC_031768.1 pos:9614433 chunknumber 35800 contains 254 sites
	-> Printing at chr: NC_031768.1 pos:9639767 chunknumber 35900 contains 251 sites
	-> Printing at chr: NC_031768.1 pos:9665042 chunknumber 36000 contains 251 sites
	-> Printing at chr: NC_031768.1 pos:9690371 chunknumber 36100 contains 254 sites
	-> Printing at chr: NC_031768.1 pos:9715897 chunknumber 36200 contains 252 sites
	-> Printing at chr: NC_031768.1 pos:9741619 chunknumber 36300 contains 254 sites
	-> Printing at chr: NC_031768.1 pos:9766887 chunknumber 36400 contains 255 sites
	-> Printing at chr: NC_031768.1 pos:9792297 chunknumber 36500 contains 251 sites
	-> Printing at chr: NC_031768.1 pos:9817572 chunknumber 36600 contains 251 sites
	-> Printing at chr: NC_031768.1 pos:9843040 chunknumber 36700 contains 251 sites
	-> Printing at chr: NC_031768.1 pos:9868382 chunknumber 36800 contains 254 sites
	-> Printing at chr: NC_031768.1 pos:9893699 chunknumber 36900 contains 253 sites
	-> Printing at chr: NC_031768.1 pos:9919003 chunknumber 37000 contains 251 sites
	-> Printing at chr: NC_031768.1 pos:9944281 chunknumber 37100 contains 251 sites
	-> Printing at chr: NC_031768.1 pos:9969656 chunknumber 37200 contains 251 sites
	-> Printing at chr: NC_031768.1 pos:9994945 chunknumber 37300 contains 251 sites
	-> Printing at chr: NC_031768.1 pos:10020205 chunknumber 37400 contains 252 sites
	-> Printing at chr: NC_031768.1 pos:10045441 chunknumber 37500 contains 253 sites
	-> Printing at chr: NC_031768.1 pos:10070685 chunknumber 37600 contains 251 sites
	-> Printing at chr: NC_031768.1 pos:10095933 chunknumber 37700 contains 251 sites
	-> Printing at chr: NC_031768.1 pos:10121247 chunknumber 37800 contains 251 sites
	-> Printing at chr: NC_031768.1 pos:10147383 chunknumber 37900 contains 253 sites
	-> Printing at chr: NC_031768.1 pos:10172915 chunknumber 38000 contains 253 sites
	-> Printing at chr: NC_031768.1 pos:10198202 chunknumber 38100 contains 251 sites
	-> Printing at chr: NC_031768.1 pos:10223433 chunknumber 38200 contains 254 sites
	-> Printing at chr: NC_031768.1 pos:10248681 chunknumber 38300 contains 251 sites
	-> Printing at chr: NC_031768.1 pos:10273926 chunknumber 38400 contains 255 sites
	-> Printing at chr: NC_031768.1 pos:10299206 chunknumber 38500 contains 251 sites
	-> Printing at chr: NC_031768.1 pos:10324629 chunknumber 38600 contains 253 sites
	-> Printing at chr: NC_031768.1 pos:10349897 chunknumber 38700 contains 253 sites
	-> Printing at chr: NC_031768.1 pos:10375178 chunknumber 38800 contains 260 sites
	-> Printing at chr: NC_031768.1 pos:10400506 chunknumber 38900 contains 251 sites
	-> Printing at chr: NC_031768.1 pos:10425759 chunknumber 39000 contains 251 sites
	-> Printing at chr: NC_031768.1 pos:10451034 chunknumber 39100 contains 253 sites
	-> Printing at chr: NC_031768.1 pos:10476450 chunknumber 39200 contains 251 sites
	-> Printing at chr: NC_031768.1 pos:10501769 chunknumber 39300 contains 251 sites
	-> Printing at chr: NC_031768.1 pos:10527022 chunknumber 39400 contains 251 sites
	-> Printing at chr: NC_031768.1 pos:10552303 chunknumber 39500 contains 253 sites
	-> Printing at chr: NC_031768.1 pos:10577815 chunknumber 39600 contains 251 sites
	-> Printing at chr: NC_031768.1 pos:10603080 chunknumber 39700 contains 251 sites
	-> Printing at chr: NC_031768.1 pos:10628342 chunknumber 39800 contains 253 sites
	-> Printing at chr: NC_031768.1 pos:10653595 chunknumber 39900 contains 253 sites
	-> Printing at chr: NC_031768.1 pos:10678845 chunknumber 40000 contains 251 sites
	-> Printing at chr: NC_031768.1 pos:10704124 chunknumber 40100 contains 253 sites
	-> Printing at chr: NC_031768.1 pos:10729713 chunknumber 40200 contains 251 sites
	-> Printing at chr: NC_031768.1 pos:10754963 chunknumber 40300 contains 251 sites
	-> Printing at chr: NC_031768.1 pos:10780225 chunknumber 40400 contains 252 sites
	-> Printing at chr: NC_031768.1 pos:10805511 chunknumber 40500 contains 252 sites
	-> Printing at chr: NC_031768.1 pos:10830985 chunknumber 40600 contains 252 sites
	-> Printing at chr: NC_031768.1 pos:10856266 chunknumber 40700 contains 251 sites
	-> Printing at chr: NC_031768.1 pos:10881558 chunknumber 40800 contains 251 sites
	-> Printing at chr: NC_031768.1 pos:10906779 chunknumber 40900 contains 253 sites
	-> Printing at chr: NC_031768.1 pos:10932064 chunknumber 41000 contains 253 sites
	-> Printing at chr: NC_031768.1 pos:10957847 chunknumber 41100 contains 259 sites
	-> Printing at chr: NC_031768.1 pos:10983125 chunknumber 41200 contains 255 sites
	-> Printing at chr: NC_031768.1 pos:11008363 chunknumber 41300 contains 251 sites
	-> Printing at chr: NC_031768.1 pos:11033633 chunknumber 41400 contains 253 sites
	-> Printing at chr: NC_031768.1 pos:11058980 chunknumber 41500 contains 252 sites
	-> Printing at chr: NC_031768.1 pos:11084231 chunknumber 41600 contains 251 sites
	-> Printing at chr: NC_031768.1 pos:11109487 chunknumber 41700 contains 253 sites
	-> Printing at chr: NC_031768.1 pos:11134731 chunknumber 41800 contains 252 sites
	-> Printing at chr: NC_031768.1 pos:11160354 chunknumber 41900 contains 256 sites
	-> Printing at chr: NC_031768.1 pos:11185586 chunknumber 42000 contains 252 sites
	-> Printing at chr: NC_031768.1 pos:11210864 chunknumber 42100 contains 253 sites
	-> Printing at chr: NC_031768.1 pos:11236134 chunknumber 42200 contains 253 sites
	-> Printing at chr: NC_031768.1 pos:11261394 chunknumber 42300 contains 251 sites
	-> Printing at chr: NC_031768.1 pos:11287453 chunknumber 42400 contains 253 sites
	-> Printing at chr: NC_031768.1 pos:11313238 chunknumber 42500 contains 257 sites
	-> Printing at chr: NC_031768.1 pos:11338519 chunknumber 42600 contains 252 sites
	-> Printing at chr: NC_031768.1 pos:11363796 chunknumber 42700 contains 253 sites
	-> Printing at chr: NC_031768.1 pos:11390744 chunknumber 42800 contains 270 sites
	-> Printing at chr: NC_031768.1 pos:11419073 chunknumber 42900 contains 251 sites
	-> Printing at chr: NC_031768.1 pos:11444322 chunknumber 43000 contains 252 sites
	-> Printing at chr: NC_031768.1 pos:11470281 chunknumber 43100 contains 252 sites
	-> Printing at chr: NC_031768.1 pos:11495542 chunknumber 43200 contains 251 sites
	-> Printing at chr: NC_031768.1 pos:11520815 chunknumber 43300 contains 252 sites
	-> Printing at chr: NC_031768.1 pos:11546078 chunknumber 43400 contains 252 sites
	-> Printing at chr: NC_031768.1 pos:11571359 chunknumber 43500 contains 252 sites
	-> Printing at chr: NC_031768.1 pos:11596642 chunknumber 43600 contains 251 sites
	-> Printing at chr: NC_031768.1 pos:11622015 chunknumber 43700 contains 259 sites
	-> Printing at chr: NC_031768.1 pos:11647467 chunknumber 43800 contains 251 sites
	-> Printing at chr: NC_031768.1 pos:11674416 chunknumber 43900 contains 252 sites
	-> Printing at chr: NC_031768.1 pos:11699667 chunknumber 44000 contains 253 sites
	-> Printing at chr: NC_031768.1 pos:11725601 chunknumber 44100 contains 254 sites
	-> Printing at chr: NC_031768.1 pos:11751652 chunknumber 44200 contains 253 sites
	-> Printing at chr: NC_031768.1 pos:11777040 chunknumber 44300 contains 254 sites
	-> Printing at chr: NC_031768.1 pos:11802290 chunknumber 44400 contains 253 sites
	-> Printing at chr: NC_031768.1 pos:11827548 chunknumber 44500 contains 252 sites
	-> Printing at chr: NC_031768.1 pos:11853238 chunknumber 44600 contains 251 sites
	-> Printing at chr: NC_031768.1 pos:11879137 chunknumber 44700 contains 253 sites
	-> Printing at chr: NC_031768.1 pos:11904402 chunknumber 44800 contains 252 sites
	-> Printing at chr: NC_031768.1 pos:11929764 chunknumber 44900 contains 252 sites
	-> Printing at chr: NC_031768.1 pos:11955027 chunknumber 45000 contains 251 sites
	-> Printing at chr: NC_031768.1 pos:11980264 chunknumber 45100 contains 251 sites
	-> Printing at chr: NC_031768.1 pos:12006056 chunknumber 45200 contains 253 sites
	-> Printing at chr: NC_031768.1 pos:12031357 chunknumber 45300 contains 252 sites
	-> Printing at chr: NC_031768.1 pos:12056732 chunknumber 45400 contains 252 sites
	-> Printing at chr: NC_031768.1 pos:12084934 chunknumber 45500 contains 251 sites
	-> Printing at chr: NC_031768.1 pos:12110427 chunknumber 45600 contains 253 sites
	-> Printing at chr: NC_031768.1 pos:12135776 chunknumber 45700 contains 251 sites
	-> Printing at chr: NC_031768.1 pos:12161033 chunknumber 45800 contains 254 sites
	-> Printing at chr: NC_031768.1 pos:12186384 chunknumber 45900 contains 254 sites
	-> Printing at chr: NC_031768.1 pos:12211694 chunknumber 46000 contains 252 sites
	-> Printing at chr: NC_031768.1 pos:12236994 chunknumber 46100 contains 251 sites
	-> Printing at chr: NC_031768.1 pos:12262257 chunknumber 46200 contains 259 sites
	-> Printing at chr: NC_031768.1 pos:12287639 chunknumber 46300 contains 251 sites
	-> Printing at chr: NC_031768.1 pos:12314613 chunknumber 46400 contains 251 sites
	-> Printing at chr: NC_031768.1 pos:12339937 chunknumber 46500 contains 252 sites
	-> Printing at chr: NC_031768.1 pos:12366125 chunknumber 46600 contains 252 sites
	-> Printing at chr: NC_031768.1 pos:12391404 chunknumber 46700 contains 251 sites
	-> Printing at chr: NC_031768.1 pos:12416657 chunknumber 46800 contains 251 sites
	-> Printing at chr: NC_031768.1 pos:12441955 chunknumber 46900 contains 251 sites
	-> Printing at chr: NC_031768.1 pos:12467219 chunknumber 47000 contains 256 sites
	-> Printing at chr: NC_031768.1 pos:12492511 chunknumber 47100 contains 259 sites
	-> Printing at chr: NC_031768.1 pos:12517870 chunknumber 47200 contains 252 sites
	-> Printing at chr: NC_031768.1 pos:12543111 chunknumber 47300 contains 252 sites
	-> Printing at chr: NC_031768.1 pos:12568358 chunknumber 47400 contains 252 sites
	-> Printing at chr: NC_031768.1 pos:12593833 chunknumber 47500 contains 251 sites
	-> Printing at chr: NC_031768.1 pos:12619086 chunknumber 47600 contains 252 sites
	-> Printing at chr: NC_031768.1 pos:12644315 chunknumber 47700 contains 252 sites
	-> Printing at chr: NC_031768.1 pos:12669565 chunknumber 47800 contains 251 sites
	-> Printing at chr: NC_031768.1 pos:12694841 chunknumber 47900 contains 254 sites
	-> Printing at chr: NC_031768.1 pos:12720966 chunknumber 48000 contains 254 sites
	-> Printing at chr: NC_031768.1 pos:12746344 chunknumber 48100 contains 251 sites
	-> Printing at chr: NC_031768.1 pos:12775990 chunknumber 48200 contains 325 sites
	-> Printing at chr: NC_031768.1 pos:12802245 chunknumber 48300 contains 255 sites
	-> Printing at chr: NC_031768.1 pos:12827487 chunknumber 48400 contains 252 sites
	-> Printing at chr: NC_031768.1 pos:12852763 chunknumber 48500 contains 251 sites
	-> Printing at chr: NC_031768.1 pos:12877998 chunknumber 48600 contains 254 sites
	-> Printing at chr: NC_031768.1 pos:12903463 chunknumber 48700 contains 251 sites
	-> Printing at chr: NC_031768.1 pos:12928708 chunknumber 48800 contains 256 sites
	-> Printing at chr: NC_031768.1 pos:12954004 chunknumber 48900 contains 251 sites
	-> Printing at chr: NC_031768.1 pos:12980688 chunknumber 49000 contains 253 sites
	-> Printing at chr: NC_031768.1 pos:13006084 chunknumber 49100 contains 252 sites
	-> Printing at chr: NC_031768.1 pos:13031347 chunknumber 49200 contains 252 sites
	-> Printing at chr: NC_031768.1 pos:13056604 chunknumber 49300 contains 251 sites
	-> Printing at chr: NC_031768.1 pos:13082312 chunknumber 49400 contains 252 sites
	-> Printing at chr: NC_031768.1 pos:13107608 chunknumber 49500 contains 271 sites
	-> Printing at chr: NC_031768.1 pos:13133161 chunknumber 49600 contains 251 sites
	-> Printing at chr: NC_031768.1 pos:13159518 chunknumber 49700 contains 253 sites
	-> Printing at chr: NC_031768.1 pos:13185437 chunknumber 49800 contains 254 sites
	-> Printing at chr: NC_031768.1 pos:13210696 chunknumber 49900 contains 251 sites
	-> Printing at chr: NC_031768.1 pos:13236011 chunknumber 50000 contains 251 sites
	-> Printing at chr: NC_031768.1 pos:13261350 chunknumber 50100 contains 254 sites
	-> Printing at chr: NC_031768.1 pos:13286677 chunknumber 50200 contains 251 sites
	-> Printing at chr: NC_031768.1 pos:13312032 chunknumber 50300 contains 251 sites
	-> Printing at chr: NC_031768.1 pos:13337273 chunknumber 50400 contains 257 sites
	-> Printing at chr: NC_031768.1 pos:13362529 chunknumber 50500 contains 251 sites
	-> Printing at chr: NC_031768.1 pos:13387824 chunknumber 50600 contains 251 sites
	-> Printing at chr: NC_031768.1 pos:13413100 chunknumber 50700 contains 253 sites
	-> Printing at chr: NC_031768.1 pos:13440116 chunknumber 50800 contains 255 sites
	-> Printing at chr: NC_031768.1 pos:13465368 chunknumber 50900 contains 257 sites
	-> Printing at chr: NC_031768.1 pos:13490654 chunknumber 51000 contains 251 sites
	-> Printing at chr: NC_031768.1 pos:13515904 chunknumber 51100 contains 252 sites
	-> Printing at chr: NC_031768.1 pos:13541401 chunknumber 51200 contains 255 sites
	-> Printing at chr: NC_031768.1 pos:13566651 chunknumber 51300 contains 251 sites
	-> Printing at chr: NC_031768.1 pos:13591950 chunknumber 51400 contains 254 sites
	-> Printing at chr: NC_031768.1 pos:13617200 chunknumber 51500 contains 255 sites
	-> Printing at chr: NC_031768.1 pos:13642577 chunknumber 51600 contains 252 sites
	-> Printing at chr: NC_031768.1 pos:13667844 chunknumber 51700 contains 251 sites
	-> Printing at chr: NC_031768.1 pos:13693115 chunknumber 51800 contains 252 sites
	-> Printing at chr: NC_031768.1 pos:13718428 chunknumber 51900 contains 251 sites
	-> Printing at chr: NC_031768.1 pos:13743740 chunknumber 52000 contains 251 sites
	-> Printing at chr: NC_031768.1 pos:13769027 chunknumber 52100 contains 251 sites
	-> Printing at chr: NC_031768.1 pos:13794337 chunknumber 52200 contains 251 sites
	-> Printing at chr: NC_031768.1 pos:13819595 chunknumber 52300 contains 254 sites
	-> Printing at chr: NC_031768.1 pos:13844898 chunknumber 52400 contains 252 sites
	-> Printing at chr: NC_031768.1 pos:13870154 chunknumber 52500 contains 253 sites
	-> Printing at chr: NC_031768.1 pos:13895433 chunknumber 52600 contains 253 sites
	-> Printing at chr: NC_031768.1 pos:13920849 chunknumber 52700 contains 252 sites
	-> Printing at chr: NC_031768.1 pos:13946136 chunknumber 52800 contains 252 sites
	-> Printing at chr: NC_031768.1 pos:13971393 chunknumber 52900 contains 251 sites
	-> Printing at chr: NC_031768.1 pos:13996742 chunknumber 53000 contains 253 sites
	-> Printing at chr: NC_031768.1 pos:14021985 chunknumber 53100 contains 251 sites
	-> Printing at chr: NC_031768.1 pos:14047311 chunknumber 53200 contains 255 sites
	-> Printing at chr: NC_031768.1 pos:14073207 chunknumber 53300 contains 254 sites
	-> Printing at chr: NC_031768.1 pos:14098481 chunknumber 53400 contains 251 sites
	-> Printing at chr: NC_031768.1 pos:14123701 chunknumber 53500 contains 254 sites
	-> Printing at chr: NC_031768.1 pos:14149377 chunknumber 53600 contains 251 sites
	-> Printing at chr: NC_031768.1 pos:14174617 chunknumber 53700 contains 254 sites
	-> Printing at chr: NC_031768.1 pos:14199873 chunknumber 53800 contains 254 sites
	-> Printing at chr: NC_031768.1 pos:14225125 chunknumber 53900 contains 252 sites
	-> Printing at chr: NC_031768.1 pos:14250388 chunknumber 54000 contains 251 sites
	-> Printing at chr: NC_031768.1 pos:14275655 chunknumber 54100 contains 251 sites
